#
# A fatal error has been detected by the Java Runtime Environment:
#
#  EXCEPTION_ACCESS_VIOLATION (0xc0000005) at pc=0x000007fee404c986, pid=13028, tid=13148
#
# JRE version: OpenJDK Runtime Environment Temurin-17.0.1+12 (17.0.1+12) (build 17.0.1+12)
# Java VM: OpenJDK 64-Bit Server VM Temurin-17.0.1+12 (17.0.1+12, mixed mode, tiered, compressed oops, compressed class ptrs, g1 gc, windows-amd64)
# Problematic frame:
# V  [jvm.dll+0xc986]
#
# No core dump will be written. Minidumps are not enabled by default on client versions of Windows
#
# If you would like to submit a bug report, please visit:
#   https://github.com/adoptium/adoptium-support/issues
#

---------------  S U M M A R Y ------------

Command Line: -ea -Dfile.encoding=Cp1252 -XX:+ShowCodeDetailsInExceptionMessages org.testng.remote.RemoteTestNG -serport 57723 -protocol json -d C:\Users\syam\maventest\RestAPISample\test-output C:\Users\syam\AppData\Local\Temp\testng-eclipse--389216350\testng-customsuite.xml

Host: Intel(R) Core(TM) i5-2430M CPU @ 2.40GHz, 4 cores, 5G,  Windows 7 , 64 bit Build 7601 (6.1.7601.23418)
Time: Mon Feb  7 19:20:40 2022 India Standard Time elapsed time: 12.074536 seconds (0d 0h 0m 12s)

---------------  T H R E A D  ---------------

Current thread (0x000000005de99780):  GCTaskThread "GC Thread#1" [stack: 0x000000005e200000,0x000000005e300000] [id=13148]

Stack: [0x000000005e200000,0x000000005e300000],  sp=0x000000005e2ff238,  free space=1020k
Native frames: (J=compiled Java code, j=interpreted, Vv=VM code, C=native code)
V  [jvm.dll+0xc986]


siginfo: EXCEPTION_ACCESS_VIOLATION (0xc0000005), reading address 0x00000000a5b732e3


Register to memory mapping:

RIP=0x000007fee404c986 jvm.dll
RAX=0x0 is NULL
RBX=0x0 is NULL
RCX=0x0000000000200000 points into unknown readable memory: 0x0000000000000000 | 00 00 00 00 00 00 00 00
RDX=0x0000000000200000 points into unknown readable memory: 0x0000000000000000 | 00 00 00 00 00 00 00 00
RSP=0x000000005e2ff238 points into unknown readable memory: 0x000007fee434576f | 6f 57 34 e4 fe 07 00 00
RBP=0x000000005e2ff2b8 points into unknown readable memory: 0x0000000000000000 | 00 00 00 00 00 00 00 00
RSI=0x000000005f7df460 points into unknown readable memory: 0x000007fee4994a88 | 88 4a 99 e4 fe 07 00 00
RDI=0x000000005f7df460 points into unknown readable memory: 0x000007fee4994a88 | 88 4a 99 e4 fe 07 00 00
R8 =0x0000000000200000 points into unknown readable memory: 0x0000000000000000 | 00 00 00 00 00 00 00 00
R9 =0x00000000a5b732db is an unallocated location in the heap
R10=0x0000000000200000 points into unknown readable memory: 0x0000000000000000 | 00 00 00 00 00 00 00 00
R11=0x0000000000000001 is an unknown value
R12=0x000000005ce8fc18 points into unknown readable memory: 0x8800003b148234ea | ea 34 82 14 3b 00 00 88
R13=0x0000000000200000 points into unknown readable memory: 0x0000000000000000 | 00 00 00 00 00 00 00 00
R14=0x00000000a5b732db is an unallocated location in the heap
R15=0x0 is NULL


Registers:
RAX=0x0000000000000000, RBX=0x0000000000000000, RCX=0x0000000000200000, RDX=0x0000000000200000
RSP=0x000000005e2ff238, RBP=0x000000005e2ff2b8, RSI=0x000000005f7df460, RDI=0x000000005f7df460
R8 =0x0000000000200000, R9 =0x00000000a5b732db, R10=0x0000000000200000, R11=0x0000000000000001
R12=0x000000005ce8fc18, R13=0x0000000000200000, R14=0x00000000a5b732db, R15=0x0000000000000000
RIP=0x000007fee404c986, EFLAGS=0x0000000000010206

Top of Stack: (sp=0x000000005e2ff238)
0x000000005e2ff238:   000007fee434576f 0000000000000000
0x000000005e2ff248:   000000005e2ff2b8 000000005f7df460
0x000000005e2ff258:   0000000000000000 0000000000000000
0x000000005e2ff268:   000007fe00000000 00000000a3a40001
0x000000005e2ff278:   0000000000000001 0000000000000020
0x000000005e2ff288:   0000000000000001 0000000000000008
0x000000005e2ff298:   000007fee4344019 0000000000000001
0x000000005e2ff2a8:   0000000000000000 000000005f7df5e0
0x000000005e2ff2b8:   0000000000000000 0000000000000040
0x000000005e2ff2c8:   00000000000003d8 000000005ce8fc18
0x000000005e2ff2d8:   000000005f7df460 00000000a360ebac
0x000000005e2ff2e8:   00000000a360ebad 0000000000001860
0x000000005e2ff2f8:   000007fee4346802 00000000a6f80001
0x000000005e2ff308:   0000000000000001 00000000002a0001
0x000000005e2ff318:   0000000000000000 000000005e2ff388
0x000000005e2ff328:   0000000077b00000 0000000000000000 

Instructions: (pc=0x000007fee404c986)
0x000007fee404c886:   cc cc cc cc cc cc cc cc cc cc 4c 8b 01 4c 8b c9
0x000007fee404c896:   48 8b 0d 73 c0 b4 00 ba 64 60 08 00 e9 c9 f1 ff
0x000007fee404c8a6:   ff cc cc cc cc cc cc cc cc cc 8b 05 32 0a af 00
0x000007fee404c8b6:   c3 cc cc cc cc cc cc cc cc cc 0f b6 05 98 c8 b5
0x000007fee404c8c6:   00 48 8b d1 84 c0 74 16 44 8b 41 08 8b 0d 10 0a
0x000007fee404c8d6:   af 00 49 d3 e0 4c 03 05 fe 09 af 00 eb 04 4c 8b
0x000007fee404c8e6:   41 08 45 8b 50 08 45 85 d2 7e 0e 41 f6 c2 01 75
0x000007fee404c8f6:   53 41 c1 fa 03 41 8b c2 c3 79 49 84 c0 b9 10 00
0x000007fee404c906:   00 00 8b 05 06 19 af 00 41 b8 0c 00 00 00 41 0f
0x000007fee404c916:   45 c8 ff c8 4c 63 c8 48 63 14 11 41 8b ca 83 e1
0x000007fee404c926:   3f 48 d3 e2 41 8b ca 48 c1 f9 10 0f b6 c1 49 8d
0x000007fee404c936:   0c 11 49 f7 d1 48 03 c1 49 c1 e9 03 48 c1 e8 03
0x000007fee404c946:   41 23 c1 c3 49 8b 00 49 8b c8 48 ff a0 00 01 00
0x000007fee404c956:   00 cc cc cc cc cc cc cc cc cc 8b 44 24 30 45 03
0x000007fee404c966:   c9 44 2b 4c 24 28 83 c0 0b 44 03 ca 45 03 c8 41
0x000007fee404c976:   03 c1 c3 cc cc cc cc cc cc cc 4c 8b ca 48 8b d1
0x000007fee404c986:   45 8b 41 08 45 85 c0 7e 0e 41 f6 c0 01 75 56 41
0x000007fee404c996:   c1 f8 03 41 8b c0 c3 79 4c 80 3d b9 c7 b5 00 00
0x000007fee404c9a6:   b8 0c 00 00 00 b9 10 00 00 00 0f 45 c8 8b 05 5b
0x000007fee404c9b6:   18 af 00 ff c8 4c 63 c8 48 63 14 11 41 8b c8 83
0x000007fee404c9c6:   e1 3f 48 d3 e2 41 8b c8 48 c1 f9 10 0f b6 c1 49
0x000007fee404c9d6:   8d 0c 11 49 f7 d1 48 03 c1 49 c1 e9 03 48 c1 e8
0x000007fee404c9e6:   03 41 23 c1 c3 49 8b 01 49 8b c9 48 ff a0 00 01
0x000007fee404c9f6:   00 00 cc cc cc cc cc cc cc cc 48 8b 41 08 0f b7
0x000007fee404ca06:   48 2a 0f b7 40 28 83 c0 48 03 c1 c3 cc cc cc cc
0x000007fee404ca16:   cc cc cc cc cc cc cc cc cc cc 48 89 5c 24 08 57
0x000007fee404ca26:   48 83 ec 20 0f b6 05 ff a3 b9 00 48 8b fa 48 8b
0x000007fee404ca36:   d9 84 c0 74 4f 48 85 15 f6 9b b9 00 74 38 48 8b
0x000007fee404ca46:   ca e8 d4 2d 85 00 48 8b d0 48 85 db 74 25 48 85
0x000007fee404ca56:   c0 74 20 48 8b c7 f0 48 0f b1 13 74 16 48 85 05
0x000007fee404ca66:   ce 9b b9 00 74 0d 48 8b c8 f0 48 0f b1 13 48 3b
0x000007fee404ca76:   c1 75 ea 48 8b fa 48 8b c7 48 8b 5c 24 30 48 83 


Stack slot to memory mapping:
stack at sp + 0 slots: 0x000007fee434576f jvm.dll
stack at sp + 1 slots: 0x0 is NULL
stack at sp + 2 slots: 0x000000005e2ff2b8 points into unknown readable memory: 0x0000000000000000 | 00 00 00 00 00 00 00 00
stack at sp + 3 slots: 0x000000005f7df460 points into unknown readable memory: 0x000007fee4994a88 | 88 4a 99 e4 fe 07 00 00
stack at sp + 4 slots: 0x0 is NULL
stack at sp + 5 slots: 0x0 is NULL
stack at sp + 6 slots: 0x000007fe00000000 is an unknown value
stack at sp + 7 slots: 0x00000000a3a40001 is pointing into object: java.lang.ref.WeakReference 
{0x00000000a3a3fff8} - klass: 'java/lang/ref/WeakReference'
 - ---- fields (total size 4 words):
 - private 'referent' 'Ljava/lang/Object;' @12  a 'java/lang/Class'{0x00000000a1b096f8} = 'io/restassured/path/json/JsonPath' (a1b096f8)
 - volatile 'queue' 'Ljava/lang/ref/ReferenceQueue;' @16  a 'java/lang/ref/ReferenceQueue$Null'{0x00000000a1800130} (a1800130)
 - volatile 'next' 'Ljava/lang/ref/Reference;' @20  NULL (0)
 - private transient 'discovered' 'Ljava/lang/ref/Reference;' @24  NULL (0)


---------------  P R O C E S S  ---------------

Threads class SMR info:
_java_thread_list=0x000000006153a1a0, length=14, elements={
0x0000000000280740, 0x000000001b621860, 0x000000001b622600, 0x000000001b63f860,
0x000000001b642280, 0x000000001b679bc0, 0x000000001b67d980, 0x000000001b67e970,
0x000000001b67f270, 0x000000001b67fb70, 0x000000005cd012d0, 0x000000005cd07180,
0x000000005d9ad050, 0x000000005df665d0
}

Java Threads: ( => current thread )
  0x0000000000280740 JavaThread "main" [_thread_blocked, id=7008, stack(0x0000000001d90000,0x0000000001e90000)]
  0x000000001b621860 JavaThread "Reference Handler" daemon [_thread_blocked, id=12892, stack(0x000000005c090000,0x000000005c190000)]
  0x000000001b622600 JavaThread "Finalizer" daemon [_thread_blocked, id=11776, stack(0x000000005c320000,0x000000005c420000)]
  0x000000001b63f860 JavaThread "Signal Dispatcher" daemon [_thread_blocked, id=11748, stack(0x000000005c430000,0x000000005c530000)]
  0x000000001b642280 JavaThread "Attach Listener" daemon [_thread_blocked, id=11680, stack(0x000000005c1f0000,0x000000005c2f0000)]
  0x000000001b679bc0 JavaThread "Service Thread" daemon [_thread_blocked, id=10412, stack(0x000000005c700000,0x000000005c800000)]
  0x000000001b67d980 JavaThread "Monitor Deflation Thread" daemon [_thread_blocked, id=13152, stack(0x000000005c880000,0x000000005c980000)]
  0x000000001b67e970 JavaThread "C2 CompilerThread0" daemon [_thread_blocked, id=11048, stack(0x000000005c9f0000,0x000000005caf0000)]
  0x000000001b67f270 JavaThread "C1 CompilerThread0" daemon [_thread_blocked, id=11516, stack(0x000000005c5a0000,0x000000005c6a0000)]
  0x000000001b67fb70 JavaThread "Sweeper thread" daemon [_thread_blocked, id=12948, stack(0x000000005cb20000,0x000000005cc20000)]
  0x000000005cd012d0 JavaThread "Notification Thread" daemon [_thread_blocked, id=12964, stack(0x000000005d0b0000,0x000000005d1b0000)]
  0x000000005cd07180 JavaThread "Common-Cleaner" daemon [_thread_blocked, id=12484, stack(0x000000005d530000,0x000000005d630000)]
  0x000000005d9ad050 JavaThread "ReaderThread" [_thread_in_native, id=8704, stack(0x000000005e5e0000,0x000000005e6e0000)]
  0x000000005df665d0 JavaThread "C2 CompilerThread1" daemon [_thread_blocked, id=8232, stack(0x00000000603e0000,0x00000000604e0000)]

Other Threads:
  0x000000001897fcf0 VMThread "VM Thread" [stack: 0x000000001b230000,0x000000001b330000] [id=11956]
  0x000000001b5cb740 WatcherThread [stack: 0x000000005d350000,0x000000005d450000] [id=12016]
  0x00000000002bd1e0 GCTaskThread "GC Thread#0" [stack: 0x0000000018780000,0x0000000018880000] [id=12840]
=>0x000000005de99780 GCTaskThread "GC Thread#1" [stack: 0x000000005e200000,0x000000005e300000] [id=13148]
  0x000000005de83280 GCTaskThread "GC Thread#2" [stack: 0x000000005d630000,0x000000005d730000] [id=8520]
  0x000000005de83530 GCTaskThread "GC Thread#3" [stack: 0x000000005f1c0000,0x000000005f2c0000] [id=13132]
  0x00000000002c7790 ConcurrentGCThread "G1 Main Marker" [stack: 0x0000000018a20000,0x0000000018b20000] [id=7108]
  0x00000000188c01e0 ConcurrentGCThread "G1 Conc#0" [stack: 0x0000000018cc0000,0x0000000018dc0000] [id=6588]
  0x00000000002ffb20 ConcurrentGCThread "G1 Refine#0" [stack: 0x000000001b110000,0x000000001b210000] [id=11892]
  0x000000005cd05f90 ConcurrentGCThread "G1 Refine#1" [stack: 0x000000005f2f0000,0x000000005f3f0000] [id=10360]
  0x00000000188f3450 ConcurrentGCThread "G1 Service" [stack: 0x000000001b3f0000,0x000000001b4f0000] [id=13232]

Threads with active compile tasks:
C2 CompilerThread0    12141 3240       4       org.codehaus.groovy.reflection.ReflectionUtils::checkCanSetAccessible (11 bytes)
C2 CompilerThread1    12141 3236       4       jdk.internal.org.objectweb.asm.Frame::execute (2305 bytes)

VM state: at safepoint (normal execution)

VM Mutex/Monitor currently owned by a thread:  ([mutex/lock_event])
[0x000000000027b9b0] Threads_lock - owner thread: 0x000000001897fcf0
[0x000000000027bfe0] Heap_lock - owner thread: 0x0000000000280740

Heap address: 0x00000000a1600000, size: 1514 MB, Compressed Oops mode: 32-bit

CDS archive(s) not mapped
Compressed class space mapped at: 0x000000001b800000-0x000000005b800000, reserved size: 1073741824
Narrow klass base: 0x0000000000000000, Narrow klass shift: 0, Narrow klass range: 0x5b800000

GC Precious Log:
 CPUs: 4 total, 4 available
 Memory: 6048M
 Large Page Support: Disabled
 NUMA Support: Disabled
 Compressed Oops: Enabled (32-bit)
 Heap Region Size: 1M
 Heap Min Capacity: 8M
 Heap Initial Capacity: 96M
 Heap Max Capacity: 1514M
 Pre-touch: Disabled
 Parallel Workers: 4
 Concurrent Workers: 1
 Concurrent Refinement Workers: 4
 Periodic GC: Disabled

Heap:
 garbage-first heap   total 57344K, used 38889K [0x00000000a1600000, 0x0000000100000000)
  region size 1024K, 25 young (25600K), 3 survivors (3072K)
 Metaspace       used 31112K, committed 31680K, reserved 1081344K
  class space    used 3399K, committed 3648K, reserved 1048576K

Heap Regions: E=young(eden), S=young(survivor), O=old, HS=humongous(starts), HC=humongous(continues), CS=collection set, F=free, OA=open archive, CA=closed archive, TAMS=top-at-mark-start (previous, next)
|   0|0x00000000a1600000, 0x00000000a1700000, 0x00000000a1700000|100%| O|  |TAMS 0x00000000a1700000, 0x00000000a1600000| Untracked 
|   1|0x00000000a1700000, 0x00000000a1800000, 0x00000000a1800000|100%| O|  |TAMS 0x00000000a1800000, 0x00000000a1700000| Untracked 
|   2|0x00000000a1800000, 0x00000000a1900000, 0x00000000a1900000|100%| O|  |TAMS 0x00000000a1900000, 0x00000000a1800000| Untracked 
|   3|0x00000000a1900000, 0x00000000a1a00000, 0x00000000a1a00000|100%| O|  |TAMS 0x00000000a1a00000, 0x00000000a1900000| Untracked 
|   4|0x00000000a1a00000, 0x00000000a1b00000, 0x00000000a1b00000|100%| O|  |TAMS 0x00000000a1aed800, 0x00000000a1a00000| Untracked 
|   5|0x00000000a1b00000, 0x00000000a1c00000, 0x00000000a1c00000|100%| O|  |TAMS 0x00000000a1b00000, 0x00000000a1b00000| Untracked 
|   6|0x00000000a1c00000, 0x00000000a1d00000, 0x00000000a1d00000|100%| O|  |TAMS 0x00000000a1c00000, 0x00000000a1c00000| Untracked 
|   7|0x00000000a1d00000, 0x00000000a1e00000, 0x00000000a1e00000|100%| O|  |TAMS 0x00000000a1d00000, 0x00000000a1d00000| Untracked 
|   8|0x00000000a1e00000, 0x00000000a1f00000, 0x00000000a1f00000|100%| O|  |TAMS 0x00000000a1e00000, 0x00000000a1e00000| Untracked 
|   9|0x00000000a1f00000, 0x00000000a2000000, 0x00000000a2000000|100%| O|  |TAMS 0x00000000a1f00000, 0x00000000a1f00000| Untracked 
|  10|0x00000000a2000000, 0x00000000a2100000, 0x00000000a2100000|100%| O|  |TAMS 0x00000000a2000000, 0x00000000a2000000| Untracked 
|  11|0x00000000a2100000, 0x00000000a213ba00, 0x00000000a2200000| 23%| O|  |TAMS 0x00000000a2100000, 0x00000000a2100000| Untracked 
|  12|0x00000000a2200000, 0x00000000a2300000, 0x00000000a2300000|100%| O|  |TAMS 0x00000000a2200000, 0x00000000a2200000| Untracked 
|  13|0x00000000a2300000, 0x00000000a2400000, 0x00000000a2400000|100%| O|  |TAMS 0x00000000a2300000, 0x00000000a2300000| Untracked 
|  14|0x00000000a2400000, 0x00000000a2500000, 0x00000000a2500000|100%| O|  |TAMS 0x00000000a2400000, 0x00000000a2400000| Untracked 
|  15|0x00000000a2500000, 0x00000000a2567f00, 0x00000000a2600000| 40%| O|  |TAMS 0x00000000a2500000, 0x00000000a2500000| Untracked 
|  16|0x00000000a2600000, 0x00000000a2600000, 0x00000000a2700000|  0%| F|  |TAMS 0x00000000a2600000, 0x00000000a2600000| Untracked 
|  17|0x00000000a2700000, 0x00000000a2700000, 0x00000000a2800000|  0%| F|  |TAMS 0x00000000a2700000, 0x00000000a2700000| Untracked 
|  18|0x00000000a2800000, 0x00000000a2900000, 0x00000000a2900000|100%| O|  |TAMS 0x00000000a2800000, 0x00000000a2800000| Untracked 
|  19|0x00000000a2900000, 0x00000000a2900000, 0x00000000a2a00000|  0%| F|  |TAMS 0x00000000a2900000, 0x00000000a2900000| Untracked 
|  20|0x00000000a2a00000, 0x00000000a2a00000, 0x00000000a2b00000|  0%| F|  |TAMS 0x00000000a2a00000, 0x00000000a2a00000| Untracked 
|  21|0x00000000a2b00000, 0x00000000a2b00000, 0x00000000a2c00000|  0%| F|  |TAMS 0x00000000a2b00000, 0x00000000a2b00000| Untracked 
|  22|0x00000000a2c00000, 0x00000000a2c00000, 0x00000000a2d00000|  0%| F|  |TAMS 0x00000000a2c00000, 0x00000000a2c00000| Untracked 
|  23|0x00000000a2d00000, 0x00000000a2d00000, 0x00000000a2e00000|  0%| F|  |TAMS 0x00000000a2d00000, 0x00000000a2d00000| Untracked 
|  24|0x00000000a2e00000, 0x00000000a2f00000, 0x00000000a2f00000|100%| E|CS|TAMS 0x00000000a2e00000, 0x00000000a2e00000| Complete 
|  25|0x00000000a2f00000, 0x00000000a3000000, 0x00000000a3000000|100%| E|CS|TAMS 0x00000000a2f00000, 0x00000000a2f00000| Complete 
|  26|0x00000000a3000000, 0x00000000a3100000, 0x00000000a3100000|100%| E|CS|TAMS 0x00000000a3000000, 0x00000000a3000000| Complete 
|  27|0x00000000a3100000, 0x00000000a3100000, 0x00000000a3200000|  0%| F|  |TAMS 0x00000000a3100000, 0x00000000a3100000| Untracked 
|  28|0x00000000a3200000, 0x00000000a3200000, 0x00000000a3300000|  0%| F|  |TAMS 0x00000000a3200000, 0x00000000a3200000| Untracked 
|  29|0x00000000a3300000, 0x00000000a3300000, 0x00000000a3400000|  0%| F|  |TAMS 0x00000000a3300000, 0x00000000a3300000| Untracked 
|  30|0x00000000a3400000, 0x00000000a3400000, 0x00000000a3500000|  0%| F|  |TAMS 0x00000000a3400000, 0x00000000a3400000| Untracked 
|  31|0x00000000a3500000, 0x00000000a35c4510, 0x00000000a3600000| 76%| S|  |TAMS 0x00000000a3500000, 0x00000000a3500000| Complete 
|  32|0x00000000a3600000, 0x00000000a3700000, 0x00000000a3700000|100%| S|  |TAMS 0x00000000a3600000, 0x00000000a3600000| Complete 
|  33|0x00000000a3700000, 0x00000000a3800000, 0x00000000a3800000|100%| S|  |TAMS 0x00000000a3700000, 0x00000000a3700000| Complete 
|  34|0x00000000a3800000, 0x00000000a3900000, 0x00000000a3900000|100%| E|CS|TAMS 0x00000000a3800000, 0x00000000a3800000| Complete 
|  35|0x00000000a3900000, 0x00000000a3a00000, 0x00000000a3a00000|100%| E|CS|TAMS 0x00000000a3900000, 0x00000000a3900000| Complete 
|  36|0x00000000a3a00000, 0x00000000a3b00000, 0x00000000a3b00000|100%| E|CS|TAMS 0x00000000a3a00000, 0x00000000a3a00000| Complete 
|  37|0x00000000a3b00000, 0x00000000a3c00000, 0x00000000a3c00000|100%| E|CS|TAMS 0x00000000a3b00000, 0x00000000a3b00000| Complete 
|  38|0x00000000a3c00000, 0x00000000a3d00000, 0x00000000a3d00000|100%| E|CS|TAMS 0x00000000a3c00000, 0x00000000a3c00000| Complete 
|  39|0x00000000a3d00000, 0x00000000a3e00000, 0x00000000a3e00000|100%| E|CS|TAMS 0x00000000a3d00000, 0x00000000a3d00000| Complete 
|  40|0x00000000a3e00000, 0x00000000a3f00000, 0x00000000a3f00000|100%| E|CS|TAMS 0x00000000a3e00000, 0x00000000a3e00000| Complete 
|  41|0x00000000a3f00000, 0x00000000a4000000, 0x00000000a4000000|100%| E|CS|TAMS 0x00000000a3f00000, 0x00000000a3f00000| Complete 
|  42|0x00000000a4000000, 0x00000000a4100000, 0x00000000a4100000|100%| E|CS|TAMS 0x00000000a4000000, 0x00000000a4000000| Complete 
|  43|0x00000000a4100000, 0x00000000a4200000, 0x00000000a4200000|100%| E|CS|TAMS 0x00000000a4100000, 0x00000000a4100000| Complete 
|  44|0x00000000a4200000, 0x00000000a4300000, 0x00000000a4300000|100%| E|CS|TAMS 0x00000000a4200000, 0x00000000a4200000| Complete 
|  45|0x00000000a4300000, 0x00000000a4400000, 0x00000000a4400000|100%| E|CS|TAMS 0x00000000a4300000, 0x00000000a4300000| Complete 
|  46|0x00000000a4400000, 0x00000000a4500000, 0x00000000a4500000|100%| E|CS|TAMS 0x00000000a4400000, 0x00000000a4400000| Complete 
|  47|0x00000000a4500000, 0x00000000a4600000, 0x00000000a4600000|100%| E|CS|TAMS 0x00000000a4500000, 0x00000000a4500000| Complete 
|  48|0x00000000a4600000, 0x00000000a4700000, 0x00000000a4700000|100%| E|CS|TAMS 0x00000000a4600000, 0x00000000a4600000| Complete 
|  49|0x00000000a4700000, 0x00000000a4800000, 0x00000000a4800000|100%| E|CS|TAMS 0x00000000a4700000, 0x00000000a4700000| Complete 
|  50|0x00000000a4800000, 0x00000000a4900000, 0x00000000a4900000|100%| E|CS|TAMS 0x00000000a4800000, 0x00000000a4800000| Complete 
|  51|0x00000000a4900000, 0x00000000a4a00000, 0x00000000a4a00000|100%| E|CS|TAMS 0x00000000a4900000, 0x00000000a4900000| Complete 
|  52|0x00000000a4a00000, 0x00000000a4b00000, 0x00000000a4b00000|100%| E|CS|TAMS 0x00000000a4a00000, 0x00000000a4a00000| Complete 
|  53|0x00000000a4b00000, 0x00000000a4c00000, 0x00000000a4c00000|100%| E|CS|TAMS 0x00000000a4b00000, 0x00000000a4b00000| Complete 
|  89|0x00000000a6f00000, 0x00000000a7000000, 0x00000000a7000000|100%| E|CS|TAMS 0x00000000a6f00000, 0x00000000a6f00000| Complete 
|  95|0x00000000a7500000, 0x00000000a7600000, 0x00000000a7600000|100%| E|CS|TAMS 0x00000000a7500000, 0x00000000a7500000| Complete 

Card table byte_map: [0x0000000015180000,0x0000000015480000] _byte_map_base: 0x0000000014c75000

Marking Bits (Prev, Next): (CMBitMap*) 0x00000000002bd740, (CMBitMap*) 0x00000000002bd700
 Prev Bits: [0x0000000016f30000, 0x00000000186d8000)
 Next Bits: [0x0000000015780000, 0x0000000016f28000)

Polling page: 0x0000000000380000

Metaspace:

Usage:
  Non-class:     27.06 MB used.
      Class:      3.32 MB used.
       Both:     30.38 MB used.

Virtual space:
  Non-class space:       32.00 MB reserved,      27.38 MB ( 86%) committed,  4 nodes.
      Class space:        1.00 GB reserved,       3.56 MB ( <1%) committed,  1 nodes.
             Both:        1.03 GB reserved,      30.94 MB (  3%) committed. 

Chunk freelists:
   Non-Class:  560.00 KB
       Class:  495.00 KB
        Both:  1.03 MB

MaxMetaspaceSize: unlimited
CompressedClassSpaceSize: 1.00 GB
Initial GC threshold: 21.00 MB
Current GC threshold: 35.31 MB
CDS: off
MetaspaceReclaimPolicy: balanced
 - commit_granule_bytes: 65536.
 - commit_granule_words: 8192.
 - virtual_space_node_default_size: 1048576.
 - enlarge_chunks_in_place: 1.
 - new_chunks_are_fully_committed: 0.
 - uncommit_free_chunks: 1.
 - use_allocation_guard: 0.
 - handle_deallocations: 1.


Internal statistics:

num_allocs_failed_limit: 3.
num_arena_births: 324.
num_arena_deaths: 0.
num_vsnodes_births: 5.
num_vsnodes_deaths: 0.
num_space_committed: 495.
num_space_uncommitted: 0.
num_chunks_returned_to_freelist: 3.
num_chunks_taken_from_freelist: 1015.
num_chunk_merges: 3.
num_chunk_splits: 597.
num_chunks_enlarged: 331.
num_purges: 0.
num_inconsistent_stats: 0.

CodeHeap 'non-profiled nmethods': size=120000Kb used=1467Kb max_used=1467Kb free=118532Kb
 bounds [0x000000000d420000, 0x000000000d690000, 0x0000000014950000]
CodeHeap 'profiled nmethods': size=120000Kb used=6732Kb max_used=6732Kb free=113267Kb
 bounds [0x0000000005ef0000, 0x0000000006590000, 0x000000000d420000]
CodeHeap 'non-nmethods': size=5760Kb used=2276Kb max_used=2304Kb free=3483Kb
 bounds [0x0000000005950000, 0x0000000005bc0000, 0x0000000005ef0000]
 total_blobs=4026 nmethods=3252 adapters=686
 compilation: enabled
              stopped_count=0, restarted_count=0
 full_count=0

Compilation events (20 events):
Event: 11.697 Thread 0x000000001b67f270 3263       1       java.beans.GenericBeanInfo::getMethodDescriptors (5 bytes)
Event: 11.697 Thread 0x000000001b67f270 nmethod 3263 0x000000000d58e310 code [0x000000000d58e4a0, 0x000000000d58e578]
Event: 11.697 Thread 0x000000001b67f270 3264       1       java.beans.GenericBeanInfo::getDefaultEventIndex (5 bytes)
Event: 11.697 Thread 0x000000001b67f270 nmethod 3264 0x000000000d58e610 code [0x000000000d58e7a0, 0x000000000d58e878]
Event: 11.697 Thread 0x000000001b67f270 3265       1       java.beans.GenericBeanInfo::getDefaultPropertyIndex (5 bytes)
Event: 11.697 Thread 0x000000001b67f270 nmethod 3265 0x000000000d58e910 code [0x000000000d58eaa0, 0x000000000d58eb78]
Event: 11.708 Thread 0x000000001b67f270 3268       3       java.lang.Class::getDeclaredConstructors (27 bytes)
Event: 11.708 Thread 0x000000001b67f270 nmethod 3268 0x0000000006579490 code [0x0000000006579680, 0x0000000006579998]
Event: 11.718 Thread 0x000000001b67f270 3270       3       sun.reflect.generics.reflectiveObjects.TypeVariableImpl::make (66 bytes)
Event: 11.719 Thread 0x000000001b67f270 nmethod 3270 0x0000000006579b10 code [0x0000000006579da0, 0x000000000657aa68]
Event: 11.722 Thread 0x000000001b67f270 3271       2       groovy.lang.MetaClassImpl$1MOPIter::methodNameAction (325 bytes)
Event: 11.724 Thread 0x000000001b67f270 nmethod 3271 0x000000000657ae10 code [0x000000000657b100, 0x000000000657bb58]
Event: 11.729 Thread 0x000000001b67f270 3273       3       java.util.jar.Attributes$Name::hash (148 bytes)
Event: 11.731 Thread 0x000000001b67f270 nmethod 3273 0x000000000657c110 code [0x000000000657c3a0, 0x000000000657d088]
Event: 11.740 Thread 0x000000001b67f270 3274       3       groovy.lang.MetaClassImpl::populateMethods (401 bytes)
Event: 11.744 Thread 0x000000001b67f270 nmethod 3274 0x000000000657d590 code [0x000000000657da00, 0x0000000006580258]
Event: 11.744 Thread 0x000000001b67f270 3275       1       org.codehaus.groovy.runtime.metaclass.NewStaticMetaMethod::getModifiers (3 bytes)
Event: 11.744 Thread 0x000000001b67f270 nmethod 3275 0x000000000d58ec10 code [0x000000000d58eda0, 0x000000000d58ee78]
Event: 11.749 Thread 0x000000001b67f270 3276   !   3       java.beans.WeakIdentityMap::get (278 bytes)
Event: 11.752 Thread 0x000000001b67f270 nmethod 3276 0x0000000006581110 code [0x0000000006581420, 0x0000000006582968]

GC Heap History (15 events):
Event: 4.276 GC heap before
{Heap before GC invocations=0 (full 0):
 garbage-first heap   total 98304K, used 13312K [0x00000000a1600000, 0x0000000100000000)
  region size 1024K, 13 young (13312K), 0 survivors (0K)
 Metaspace       used 12413K, committed 12608K, reserved 1064960K
  class space    used 1181K, committed 1280K, reserved 1048576K
}
Event: 4.284 GC heap after
{Heap after GC invocations=1 (full 0):
 garbage-first heap   total 98304K, used 4074K [0x00000000a1600000, 0x0000000100000000)
  region size 1024K, 2 young (2048K), 2 survivors (2048K)
 Metaspace       used 12413K, committed 12608K, reserved 1064960K
  class space    used 1181K, committed 1280K, reserved 1048576K
}
Event: 5.178 GC heap before
{Heap before GC invocations=1 (full 0):
 garbage-first heap   total 98304K, used 15338K [0x00000000a1600000, 0x0000000100000000)
  region size 1024K, 13 young (13312K), 2 survivors (2048K)
 Metaspace       used 15701K, committed 15872K, reserved 1064960K
  class space    used 1569K, committed 1664K, reserved 1048576K
}
Event: 5.197 GC heap after
{Heap after GC invocations=2 (full 0):
 garbage-first heap   total 98304K, used 5147K [0x00000000a1600000, 0x0000000100000000)
  region size 1024K, 2 young (2048K), 2 survivors (2048K)
 Metaspace       used 15701K, committed 15872K, reserved 1064960K
  class space    used 1569K, committed 1664K, reserved 1048576K
}
Event: 6.301 GC heap before
{Heap before GC invocations=2 (full 0):
 garbage-first heap   total 98304K, used 33819K [0x00000000a1600000, 0x0000000100000000)
  region size 1024K, 30 young (30720K), 2 survivors (2048K)
 Metaspace       used 20323K, committed 20608K, reserved 1073152K
  class space    used 2018K, committed 2176K, reserved 1048576K
}
Event: 6.317 GC heap after
{Heap after GC invocations=3 (full 0):
 garbage-first heap   total 98304K, used 9142K [0x00000000a1600000, 0x0000000100000000)
  region size 1024K, 4 young (4096K), 4 survivors (4096K)
 Metaspace       used 20323K, committed 20608K, reserved 1073152K
  class space    used 2018K, committed 2176K, reserved 1048576K
}
Event: 6.643 GC heap before
{Heap before GC invocations=3 (full 0):
 garbage-first heap   total 98304K, used 16310K [0x00000000a1600000, 0x0000000100000000)
  region size 1024K, 10 young (10240K), 4 survivors (4096K)
 Metaspace       used 21292K, committed 21504K, reserved 1073152K
  class space    used 2068K, committed 2176K, reserved 1048576K
}
Event: 6.656 GC heap after
{Heap after GC invocations=4 (full 0):
 garbage-first heap   total 98304K, used 11140K [0x00000000a1600000, 0x0000000100000000)
  region size 1024K, 1 young (1024K), 1 survivors (1024K)
 Metaspace       used 21292K, committed 21504K, reserved 1073152K
  class space    used 2068K, committed 2176K, reserved 1048576K
}
Event: 8.156 GC heap before
{Heap before GC invocations=5 (full 0):
 garbage-first heap   total 45056K, used 35716K [0x00000000a1600000, 0x0000000100000000)
  region size 1024K, 26 young (26624K), 1 survivors (1024K)
 Metaspace       used 23351K, committed 23680K, reserved 1073152K
  class space    used 2360K, committed 2496K, reserved 1048576K
}
Event: 8.194 GC heap after
{Heap after GC invocations=6 (full 0):
 garbage-first heap   total 45056K, used 12845K [0x00000000a1600000, 0x0000000100000000)
  region size 1024K, 5 young (5120K), 5 survivors (5120K)
 Metaspace       used 23351K, committed 23680K, reserved 1073152K
  class space    used 2360K, committed 2496K, reserved 1048576K
}
Event: 8.502 GC heap before
{Heap before GC invocations=6 (full 0):
 garbage-first heap   total 45056K, used 29229K [0x00000000a1600000, 0x0000000100000000)
  region size 1024K, 21 young (21504K), 5 survivors (5120K)
 Metaspace       used 23780K, committed 24064K, reserved 1073152K
  class space    used 2434K, committed 2560K, reserved 1048576K
}
Event: 8.520 GC heap after
{Heap after GC invocations=7 (full 0):
 garbage-first heap   total 45056K, used 13808K [0x00000000a1600000, 0x0000000100000000)
  region size 1024K, 1 young (1024K), 1 survivors (1024K)
 Metaspace       used 23780K, committed 24064K, reserved 1073152K
  class space    used 2434K, committed 2560K, reserved 1048576K
}
Event: 9.500 GC heap before
{Heap before GC invocations=7 (full 0):
 garbage-first heap   total 45056K, used 30192K [0x00000000a1600000, 0x0000000100000000)
  region size 1024K, 17 young (17408K), 1 survivors (1024K)
 Metaspace       used 26101K, committed 26496K, reserved 1073152K
  class space    used 2695K, committed 2880K, reserved 1048576K
}
Event: 9.510 GC heap after
{Heap after GC invocations=8 (full 0):
 garbage-first heap   total 57344K, used 16361K [0x00000000a1600000, 0x0000000100000000)
  region size 1024K, 3 young (3072K), 3 survivors (3072K)
 Metaspace       used 26101K, committed 26496K, reserved 1073152K
  class space    used 2695K, committed 2880K, reserved 1048576K
}
Event: 11.756 GC heap before
{Heap before GC invocations=8 (full 0):
 garbage-first heap   total 57344K, used 37865K [0x00000000a1600000, 0x0000000100000000)
  region size 1024K, 25 young (25600K), 3 survivors (3072K)
 Metaspace       used 31112K, committed 31680K, reserved 1081344K
  class space    used 3399K, committed 3648K, reserved 1048576K
}

Deoptimization events (20 events):
Event: 11.173 Thread 0x0000000000280740 Uncommon trap: trap_request=0xffffffc6 fr.pc=0x000000000d579dfc relative=0x0000000000000c9c
Event: 11.173 Thread 0x0000000000280740 Uncommon trap: reason=bimorphic_or_optimized_type_check action=maybe_recompile pc=0x000000000d579dfc method=java.util.regex.Pattern$Branch.match(Ljava/util/regex/Matcher;ILjava/lang/CharSequence;)Z @ 50 c2
Event: 11.173 Thread 0x0000000000280740 DEOPT PACKING pc=0x000000000d579dfc sp=0x0000000001e87ee0
Event: 11.173 Thread 0x0000000000280740 DEOPT UNPACKING pc=0x00000000059a23a3 sp=0x0000000001e87ee0 mode 2
Event: 11.173 Thread 0x0000000000280740 Uncommon trap: trap_request=0xffffffc6 fr.pc=0x000000000d579dfc relative=0x0000000000000c9c
Event: 11.173 Thread 0x0000000000280740 Uncommon trap: reason=bimorphic_or_optimized_type_check action=maybe_recompile pc=0x000000000d579dfc method=java.util.regex.Pattern$Branch.match(Ljava/util/regex/Matcher;ILjava/lang/CharSequence;)Z @ 50 c2
Event: 11.173 Thread 0x0000000000280740 DEOPT PACKING pc=0x000000000d579dfc sp=0x0000000001e87fd0
Event: 11.173 Thread 0x0000000000280740 DEOPT UNPACKING pc=0x00000000059a23a3 sp=0x0000000001e87fd0 mode 2
Event: 11.177 Thread 0x0000000000280740 Uncommon trap: trap_request=0xffffffc6 fr.pc=0x000000000d579dfc relative=0x0000000000000c9c
Event: 11.177 Thread 0x0000000000280740 Uncommon trap: reason=bimorphic_or_optimized_type_check action=maybe_recompile pc=0x000000000d579dfc method=java.util.regex.Pattern$Branch.match(Ljava/util/regex/Matcher;ILjava/lang/CharSequence;)Z @ 50 c2
Event: 11.177 Thread 0x0000000000280740 DEOPT PACKING pc=0x000000000d579dfc sp=0x0000000001e87eb0
Event: 11.177 Thread 0x0000000000280740 DEOPT UNPACKING pc=0x00000000059a23a3 sp=0x0000000001e87eb0 mode 2
Event: 11.177 Thread 0x0000000000280740 Uncommon trap: trap_request=0xffffffc6 fr.pc=0x000000000d579dfc relative=0x0000000000000c9c
Event: 11.177 Thread 0x0000000000280740 Uncommon trap: reason=bimorphic_or_optimized_type_check action=maybe_recompile pc=0x000000000d579dfc method=java.util.regex.Pattern$Branch.match(Ljava/util/regex/Matcher;ILjava/lang/CharSequence;)Z @ 50 c2
Event: 11.177 Thread 0x0000000000280740 DEOPT PACKING pc=0x000000000d579dfc sp=0x0000000001e87eb0
Event: 11.177 Thread 0x0000000000280740 DEOPT UNPACKING pc=0x00000000059a23a3 sp=0x0000000001e87eb0 mode 2
Event: 11.197 Thread 0x0000000000280740 Uncommon trap: trap_request=0xffffff45 fr.pc=0x000000000d559810 relative=0x0000000000000f70
Event: 11.197 Thread 0x0000000000280740 Uncommon trap: reason=unstable_if action=reinterpret pc=0x000000000d559810 method=java.util.concurrent.ConcurrentHashMap.putVal(Ljava/lang/Object;Ljava/lang/Object;Z)Ljava/lang/Object; @ 231 c2
Event: 11.197 Thread 0x0000000000280740 DEOPT PACKING pc=0x000000000d559810 sp=0x0000000001e88610
Event: 11.197 Thread 0x0000000000280740 DEOPT UNPACKING pc=0x00000000059a23a3 sp=0x0000000001e88580 mode 2

Classes unloaded (0 events):
No events

Classes redefined (0 events):
No events

Internal exceptions (20 events):
Event: 11.696 Thread 0x0000000000280740 Exception <a 'java/lang/ClassNotFoundException'{0x00000000a3b9d728}: groovy/runtime/metaclass/[BMetaClass> (0x00000000a3b9d728) 
thrown [e:\jenkins\tmp\workspace\build\src\src\hotspot\share\prims\jni.cpp, line 535]
Event: 11.697 Thread 0x0000000000280740 Exception <a 'java/lang/ClassNotFoundException'{0x00000000a3ba20c0}: [BBeanInfo> (0x00000000a3ba20c0) 
thrown [e:\jenkins\tmp\workspace\build\src\src\hotspot\share\prims\jni.cpp, line 535]
Event: 11.697 Thread 0x0000000000280740 Exception <a 'java/lang/ClassNotFoundException'{0x00000000a3ba2918}: [BBeanInfo> (0x00000000a3ba2918) 
thrown [e:\jenkins\tmp\workspace\build\src\src\hotspot\share\prims\jni.cpp, line 535]
Event: 11.697 Thread 0x0000000000280740 Exception <a 'java/lang/ClassNotFoundException'{0x00000000a3ba31e8}: [BCustomizer> (0x00000000a3ba31e8) 
thrown [e:\jenkins\tmp\workspace\build\src\src\hotspot\share\prims\jni.cpp, line 535]
Event: 11.697 Thread 0x0000000000280740 Exception <a 'java/lang/ClassNotFoundException'{0x00000000a3ba3a40}: [BCustomizer> (0x00000000a3ba3a40) 
thrown [e:\jenkins\tmp\workspace\build\src\src\hotspot\share\prims\jni.cpp, line 535]
Event: 11.699 Thread 0x0000000000280740 Exception <a 'java/lang/ClassNotFoundException'{0x00000000a3bb5ab0}: org/apache/http/conn/EofSensorInputStreamBeanInfo> (0x00000000a3bb5ab0) 
thrown [e:\jenkins\tmp\workspace\build\src\src\hotspot\share\classfile\systemDictionary.cpp, line 256]
Event: 11.699 Thread 0x0000000000280740 Exception <a 'java/lang/ClassNotFoundException'{0x00000000a3bb6d28}: java/io/InputStreamBeanInfo> (0x00000000a3bb6d28) 
thrown [e:\jenkins\tmp\workspace\build\src\src\hotspot\share\classfile\systemDictionary.cpp, line 256]
Event: 11.700 Thread 0x0000000000280740 Exception <a 'java/lang/ClassNotFoundException'{0x00000000a3bb7f68}: java/io/InputStreamCustomizer> (0x00000000a3bb7f68) 
thrown [e:\jenkins\tmp\workspace\build\src\src\hotspot\share\classfile\systemDictionary.cpp, line 256]
Event: 11.701 Thread 0x0000000000280740 Exception <a 'java/lang/ClassNotFoundException'{0x00000000a3bc3230}: org/apache/http/conn/EofSensorInputStreamCustomizer> (0x00000000a3bc3230) 
thrown [e:\jenkins\tmp\workspace\build\src\src\hotspot\share\classfile\systemDictionary.cpp, line 256]
Event: 11.716 Thread 0x0000000000280740 Exception <a 'java/lang/ClassNotFoundException'{0x00000000a3a222a8}: io/restassured/path/json/JsonPathBeanInfo> (0x00000000a3a222a8) 
thrown [e:\jenkins\tmp\workspace\build\src\src\hotspot\share\classfile\systemDictionary.cpp, line 256]
Event: 11.716 Thread 0x0000000000280740 Exception <a 'java/lang/ClassNotFoundException'{0x00000000a3a257b8}: io/restassured/path/json/JsonPathCustomizer> (0x00000000a3a257b8) 
thrown [e:\jenkins\tmp\workspace\build\src\src\hotspot\share\classfile\systemDictionary.cpp, line 256]
Event: 11.723 Thread 0x0000000000280740 Exception <a 'java/lang/ClassNotFoundException'{0x00000000a3a5f390}: io/restassured/internal/path/json/JSONAssertionBeanInfo> (0x00000000a3a5f390) 
thrown [e:\jenkins\tmp\workspace\build\src\src\hotspot\share\classfile\systemDictionary.cpp, line 256]
Event: 11.724 Thread 0x0000000000280740 Exception <a 'java/lang/ClassNotFoundException'{0x00000000a3a62ba8}: io/restassured/internal/path/json/JSONAssertionCustomizer> (0x00000000a3a62ba8) 
thrown [e:\jenkins\tmp\workspace\build\src\src\hotspot\share\classfile\systemDictionary.cpp, line 256]
Event: 11.727 Thread 0x0000000000280740 Exception <a 'java/lang/ClassNotFoundException'{0x00000000a3a794f8}: java/lang/ThreadLocalBeanInfo> (0x00000000a3a794f8) 
thrown [e:\jenkins\tmp\workspace\build\src\src\hotspot\share\classfile\systemDictionary.cpp, line 256]
Event: 11.728 Thread 0x0000000000280740 Exception <a 'java/lang/ClassNotFoundException'{0x00000000a3a7a1f0}: java/lang/ThreadLocalCustomizer> (0x00000000a3a7a1f0) 
thrown [e:\jenkins\tmp\workspace\build\src\src\hotspot\share\classfile\systemDictionary.cpp, line 256]
Event: 11.734 Thread 0x0000000000280740 Exception <a 'java/lang/ClassNotFoundException'{0x00000000a3a9aeb0}: groovy/json/JsonTokenBeanInfo> (0x00000000a3a9aeb0) 
thrown [e:\jenkins\tmp\workspace\build\src\src\hotspot\share\classfile\systemDictionary.cpp, line 256]
Event: 11.735 Thread 0x0000000000280740 Exception <a 'java/lang/ClassNotFoundException'{0x00000000a3a9fd08}: groovy/json/JsonTokenCustomizer> (0x00000000a3a9fd08) 
thrown [e:\jenkins\tmp\workspace\build\src\src\hotspot\share\classfile\systemDictionary.cpp, line 256]
Event: 11.749 Thread 0x0000000000280740 Exception <a 'java/lang/ClassNotFoundException'{0x00000000a3875a08}: org/codehaus/groovy/runtime/HandleMetaClassBeanInfo> (0x00000000a3875a08) 
thrown [e:\jenkins\tmp\workspace\build\src\src\hotspot\share\classfile\systemDictionary.cpp, line 256]
Event: 11.753 Thread 0x0000000000280740 Exception <a 'java/lang/ClassNotFoundException'{0x00000000a3884b40}: groovy/lang/DelegatingMetaClassBeanInfo> (0x00000000a3884b40) 
thrown [e:\jenkins\tmp\workspace\build\src\src\hotspot\share\classfile\systemDictionary.cpp, line 256]
Event: 11.753 Thread 0x0000000000280740 Exception <a 'java/lang/ClassNotFoundException'{0x00000000a3893cc0}: groovy/lang/DelegatingMetaClassCustomizer> (0x00000000a3893cc0) 
thrown [e:\jenkins\tmp\workspace\build\src\src\hotspot\share\classfile\systemDictionary.cpp, line 256]

VM Operations (20 events):
Event: 7.973 Executing VM operation: HandshakeAllThreads done
Event: 7.973 Executing VM operation: Cleanup
Event: 7.973 Executing VM operation: Cleanup done
Event: 8.142 Executing VM operation: G1CollectForAllocation
Event: 8.195 Executing VM operation: G1CollectForAllocation done
Event: 8.502 Executing VM operation: G1CollectForAllocation
Event: 8.520 Executing VM operation: G1CollectForAllocation done
Event: 8.701 Executing VM operation: HandshakeAllThreads
Event: 8.701 Executing VM operation: HandshakeAllThreads done
Event: 8.977 Executing VM operation: HandshakeAllThreads
Event: 8.978 Executing VM operation: HandshakeAllThreads done
Event: 9.500 Executing VM operation: G1CollectForAllocation
Event: 9.510 Executing VM operation: G1CollectForAllocation done
Event: 11.078 Executing VM operation: HandshakeAllThreads
Event: 11.079 Executing VM operation: HandshakeAllThreads done
Event: 11.079 Executing VM operation: Cleanup
Event: 11.079 Executing VM operation: Cleanup done
Event: 11.738 Executing VM operation: HandshakeAllThreads
Event: 11.738 Executing VM operation: HandshakeAllThreads done
Event: 11.756 Executing VM operation: G1CollectForAllocation

Events (20 events):
Event: 11.695 loading class java/io/ByteArrayOutputStreamCustomizer
Event: 11.695 loading class java/io/ByteArrayOutputStreamCustomizer done
Event: 11.695 loading class java/io/ByteArrayOutputStreamCustomizer
Event: 11.695 loading class java/io/ByteArrayOutputStreamCustomizer done
Event: 11.699 loading class java/io/InputStreamBeanInfo
Event: 11.699 loading class java/io/InputStreamBeanInfo done
Event: 11.699 loading class java/io/InputStreamBeanInfo
Event: 11.699 loading class java/io/InputStreamBeanInfo done
Event: 11.700 loading class java/io/InputStreamCustomizer
Event: 11.700 loading class java/io/InputStreamCustomizer done
Event: 11.700 loading class java/io/InputStreamCustomizer
Event: 11.700 loading class java/io/InputStreamCustomizer done
Event: 11.727 loading class java/lang/ThreadLocalBeanInfo
Event: 11.727 loading class java/lang/ThreadLocalBeanInfo done
Event: 11.727 loading class java/lang/ThreadLocalBeanInfo
Event: 11.727 loading class java/lang/ThreadLocalBeanInfo done
Event: 11.727 loading class java/lang/ThreadLocalCustomizer
Event: 11.727 loading class java/lang/ThreadLocalCustomizer done
Event: 11.728 loading class java/lang/ThreadLocalCustomizer
Event: 11.728 loading class java/lang/ThreadLocalCustomizer done


Dynamic libraries:
0x000000013fe70000 - 0x000000013fe7e000 	C:\Users\syam\.p2\pool\plugins\org.eclipse.justj.openjdk.hotspot.jre.full.win32.x86_64_17.0.1.v20211116-1657\jre\bin\javaw.exe
0x0000000077b00000 - 0x0000000077caa000 	C:\windows\SYSTEM32\ntdll.dll
0x00000000779e0000 - 0x0000000077aff000 	C:\windows\system32\kernel32.dll
0x000007fefda30000 - 0x000007fefda9a000 	C:\windows\system32\KERNELBASE.dll
0x000007fef4710000 - 0x000007fef4728000 	C:\Users\syam\.p2\pool\plugins\org.eclipse.justj.openjdk.hotspot.jre.full.win32.x86_64_17.0.1.v20211116-1657\jre\bin\jli.dll
0x000007fefc0c0000 - 0x000007fefc2b4000 	C:\windows\WinSxS\amd64_microsoft.windows.common-controls_6595b64144ccf1df_6.0.7601.18837_none_fa3b1e3d17594757\COMCTL32.dll
0x000007feffd40000 - 0x000007feffddf000 	C:\windows\system32\msvcrt.dll
0x000007fefdf00000 - 0x000007fefdf67000 	C:\windows\system32\GDI32.dll
0x00000000778e0000 - 0x00000000779da000 	C:\windows\system32\USER32.dll
0x000007feffce0000 - 0x000007feffcee000 	C:\windows\system32\LPK.dll
0x000007feffc10000 - 0x000007feffcda000 	C:\windows\system32\USP10.dll
0x000007fefe030000 - 0x000007fefe0a1000 	C:\windows\system32\SHLWAPI.dll
0x000007fef46f0000 - 0x000007fef4709000 	C:\Users\syam\.p2\pool\plugins\org.eclipse.justj.openjdk.hotspot.jre.full.win32.x86_64_17.0.1.v20211116-1657\jre\bin\VCRUNTIME140.dll
0x000007fef46e0000 - 0x000007fef46e4000 	C:\Users\syam\.p2\pool\plugins\org.eclipse.justj.openjdk.hotspot.jre.full.win32.x86_64_17.0.1.v20211116-1657\jre\bin\api-ms-win-crt-runtime-l1-1-0.dll
0x000007fee1be0000 - 0x000007fee1cda000 	C:\Users\syam\.p2\pool\plugins\org.eclipse.justj.openjdk.hotspot.jre.full.win32.x86_64_17.0.1.v20211116-1657\jre\bin\ucrtbase.DLL
0x000007fef46d0000 - 0x000007fef46d3000 	C:\Users\syam\.p2\pool\plugins\org.eclipse.justj.openjdk.hotspot.jre.full.win32.x86_64_17.0.1.v20211116-1657\jre\bin\api-ms-win-core-localization-l1-2-0.dll
0x000007fef46a0000 - 0x000007fef46a3000 	C:\Users\syam\.p2\pool\plugins\org.eclipse.justj.openjdk.hotspot.jre.full.win32.x86_64_17.0.1.v20211116-1657\jre\bin\api-ms-win-core-processthreads-l1-1-1.dll
0x000007fef4690000 - 0x000007fef4693000 	C:\Users\syam\.p2\pool\plugins\org.eclipse.justj.openjdk.hotspot.jre.full.win32.x86_64_17.0.1.v20211116-1657\jre\bin\api-ms-win-core-file-l1-2-0.dll
0x000007fef44e0000 - 0x000007fef44e3000 	C:\Users\syam\.p2\pool\plugins\org.eclipse.justj.openjdk.hotspot.jre.full.win32.x86_64_17.0.1.v20211116-1657\jre\bin\api-ms-win-core-timezone-l1-1-0.dll
0x000007fef44d0000 - 0x000007fef44d3000 	C:\Users\syam\.p2\pool\plugins\org.eclipse.justj.openjdk.hotspot.jre.full.win32.x86_64_17.0.1.v20211116-1657\jre\bin\api-ms-win-core-file-l2-1-0.dll
0x000007fef44c0000 - 0x000007fef44c3000 	C:\Users\syam\.p2\pool\plugins\org.eclipse.justj.openjdk.hotspot.jre.full.win32.x86_64_17.0.1.v20211116-1657\jre\bin\api-ms-win-core-synch-l1-2-0.dll
0x000007fef44b0000 - 0x000007fef44b3000 	C:\Users\syam\.p2\pool\plugins\org.eclipse.justj.openjdk.hotspot.jre.full.win32.x86_64_17.0.1.v20211116-1657\jre\bin\api-ms-win-crt-heap-l1-1-0.dll
0x000007fef44a0000 - 0x000007fef44a4000 	C:\Users\syam\.p2\pool\plugins\org.eclipse.justj.openjdk.hotspot.jre.full.win32.x86_64_17.0.1.v20211116-1657\jre\bin\api-ms-win-crt-string-l1-1-0.dll
0x000007fef4490000 - 0x000007fef4494000 	C:\Users\syam\.p2\pool\plugins\org.eclipse.justj.openjdk.hotspot.jre.full.win32.x86_64_17.0.1.v20211116-1657\jre\bin\api-ms-win-crt-stdio-l1-1-0.dll
0x000007fef4480000 - 0x000007fef4484000 	C:\Users\syam\.p2\pool\plugins\org.eclipse.justj.openjdk.hotspot.jre.full.win32.x86_64_17.0.1.v20211116-1657\jre\bin\api-ms-win-crt-convert-l1-1-0.dll
0x000007fef4470000 - 0x000007fef4473000 	C:\Users\syam\.p2\pool\plugins\org.eclipse.justj.openjdk.hotspot.jre.full.win32.x86_64_17.0.1.v20211116-1657\jre\bin\api-ms-win-crt-environment-l1-1-0.dll
0x000007fef4460000 - 0x000007fef4463000 	C:\Users\syam\.p2\pool\plugins\org.eclipse.justj.openjdk.hotspot.jre.full.win32.x86_64_17.0.1.v20211116-1657\jre\bin\api-ms-win-crt-filesystem-l1-1-0.dll
0x000007fef4450000 - 0x000007fef4455000 	C:\Users\syam\.p2\pool\plugins\org.eclipse.justj.openjdk.hotspot.jre.full.win32.x86_64_17.0.1.v20211116-1657\jre\bin\api-ms-win-crt-math-l1-1-0.dll
0x000007fef4440000 - 0x000007fef4443000 	C:\Users\syam\.p2\pool\plugins\org.eclipse.justj.openjdk.hotspot.jre.full.win32.x86_64_17.0.1.v20211116-1657\jre\bin\api-ms-win-crt-locale-l1-1-0.dll
0x000007feffde0000 - 0x000007feffe0e000 	C:\windows\system32\IMM32.DLL
0x000007feff810000 - 0x000007feff919000 	C:\windows\system32\MSCTF.dll
0x000007fef4430000 - 0x000007fef443c000 	C:\Users\syam\.p2\pool\plugins\org.eclipse.justj.openjdk.hotspot.jre.full.win32.x86_64_17.0.1.v20211116-1657\jre\bin\vcruntime140_1.dll
0x000007fede960000 - 0x000007fede9f1000 	C:\Users\syam\.p2\pool\plugins\org.eclipse.justj.openjdk.hotspot.jre.full.win32.x86_64_17.0.1.v20211116-1657\jre\bin\msvcp140.dll
0x000007fef4420000 - 0x000007fef4423000 	C:\Users\syam\.p2\pool\plugins\org.eclipse.justj.openjdk.hotspot.jre.full.win32.x86_64_17.0.1.v20211116-1657\jre\bin\api-ms-win-crt-time-l1-1-0.dll
0x000007fef4410000 - 0x000007fef4413000 	C:\Users\syam\.p2\pool\plugins\org.eclipse.justj.openjdk.hotspot.jre.full.win32.x86_64_17.0.1.v20211116-1657\jre\bin\api-ms-win-crt-utility-l1-1-0.dll
0x000007fee4040000 - 0x000007fee4c86000 	C:\Users\syam\.p2\pool\plugins\org.eclipse.justj.openjdk.hotspot.jre.full.win32.x86_64_17.0.1.v20211116-1657\jre\bin\server\jvm.dll
0x000007fefe0b0000 - 0x000007fefe18b000 	C:\windows\system32\ADVAPI32.dll
0x000007fefdf70000 - 0x000007fefdf8f000 	C:\windows\SYSTEM32\sechost.dll
0x000007fefe870000 - 0x000007fefe99d000 	C:\windows\system32\RPCRT4.dll
0x000007feee990000 - 0x000007feee999000 	C:\windows\system32\WSOCK32.dll
0x000007feffcf0000 - 0x000007feffd3d000 	C:\windows\system32\WS2_32.dll
0x000007fefdce0000 - 0x000007fefdce8000 	C:\windows\system32\NSI.dll
0x000007fef9250000 - 0x000007fef928b000 	C:\windows\system32\WINMM.dll
0x000007fefcaf0000 - 0x000007fefcafc000 	C:\windows\system32\VERSION.dll
0x0000000077cc0000 - 0x0000000077cc7000 	C:\windows\system32\PSAPI.DLL
0x000007feed370000 - 0x000007feed37a000 	C:\Users\syam\.p2\pool\plugins\org.eclipse.justj.openjdk.hotspot.jre.full.win32.x86_64_17.0.1.v20211116-1657\jre\bin\jimage.dll
0x000007fef87a0000 - 0x000007fef88c5000 	C:\windows\system32\DBGHELP.DLL
0x000007fee37e0000 - 0x000007fee3805000 	C:\Users\syam\.p2\pool\plugins\org.eclipse.justj.openjdk.hotspot.jre.full.win32.x86_64_17.0.1.v20211116-1657\jre\bin\java.dll
0x000007fee86c0000 - 0x000007fee86d8000 	C:\Users\syam\.p2\pool\plugins\org.eclipse.justj.openjdk.hotspot.jre.full.win32.x86_64_17.0.1.v20211116-1657\jre\bin\zip.dll
0x000007fefea20000 - 0x000007feff7aa000 	C:\windows\system32\SHELL32.dll
0x000007fefdcf0000 - 0x000007fefdef3000 	C:\windows\system32\ole32.dll
0x000007fefd840000 - 0x000007fefd84f000 	C:\windows\system32\profapi.dll
0x000007fef3330000 - 0x000007fef3349000 	C:\Users\syam\.p2\pool\plugins\org.eclipse.justj.openjdk.hotspot.jre.full.win32.x86_64_17.0.1.v20211116-1657\jre\bin\net.dll
0x000007fefb2e0000 - 0x000007fefb351000 	C:\windows\system32\WINHTTP.dll
0x000007fefacf0000 - 0x000007fefad55000 	C:\windows\system32\webio.dll
0x000007fefcfe0000 - 0x000007fefd035000 	C:\windows\system32\mswsock.dll
0x000007fefcfd0000 - 0x000007fefcfd7000 	C:\windows\System32\wship6.dll
0x000007fef2ef0000 - 0x000007fef2f05000 	C:\Users\syam\.p2\pool\plugins\org.eclipse.justj.openjdk.hotspot.jre.full.win32.x86_64_17.0.1.v20211116-1657\jre\bin\nio.dll
0x000007fefc810000 - 0x000007fefc817000 	C:\windows\System32\wshtcpip.dll
0x000007fefce60000 - 0x000007fefcebb000 	C:\windows\system32\DNSAPI.dll
0x000007fef7b00000 - 0x000007fef7b2e000 	C:\Program Files\Common Files\Microsoft Shared\Windows Live\WLIDNSP.DLL
0x000007fefb5a0000 - 0x000007fefb5c7000 	C:\windows\system32\IPHLPAPI.DLL
0x000007fefb580000 - 0x000007fefb58b000 	C:\windows\system32\WINNSI.DLL
0x000007fef7af0000 - 0x000007fef7af8000 	C:\windows\system32\rasadhlp.dll
0x000007fefb430000 - 0x000007fefb483000 	C:\windows\System32\fwpuclnt.dll
0x000007fefd040000 - 0x000007fefd058000 	C:\windows\system32\CRYPTSP.dll
0x000007fefcd40000 - 0x000007fefcd87000 	C:\windows\system32\rsaenh.dll
0x000007fefdba0000 - 0x000007fefdbbe000 	C:\windows\system32\USERENV.dll
0x000007fefd6a0000 - 0x000007fefd6af000 	C:\windows\system32\CRYPTBASE.dll
0x000007fefb3c0000 - 0x000007fefb3d8000 	C:\windows\system32\dhcpcsvc.DLL
0x000007fefacc0000 - 0x000007fefacd1000 	C:\windows\system32\dhcpcsvc6.DLL
0x000007feeceb0000 - 0x000007feecec0000 	C:\Users\syam\.p2\pool\plugins\org.eclipse.justj.openjdk.hotspot.jre.full.win32.x86_64_17.0.1.v20211116-1657\jre\bin\verify.dll
0x000007fef3980000 - 0x000007fef398e000 	C:\Users\syam\.p2\pool\plugins\org.eclipse.justj.openjdk.hotspot.jre.full.win32.x86_64_17.0.1.v20211116-1657\jre\bin\sunmscapi.dll
0x000007fefd870000 - 0x000007fefd9dd000 	C:\windows\system32\CRYPT32.dll
0x000007fefd850000 - 0x000007fefd85f000 	C:\windows\system32\MSASN1.dll
0x000007fefd1c0000 - 0x000007fefd210000 	C:\windows\system32\ncrypt.dll
0x000007fefd190000 - 0x000007fefd1b2000 	C:\windows\system32\bcrypt.dll

dbghelp: loaded successfully - version: 4.0.5 - missing functions: none
symbol engine: initialized successfully - sym options: 0x614 - pdb path: .;C:\Users\syam\.p2\pool\plugins\org.eclipse.justj.openjdk.hotspot.jre.full.win32.x86_64_17.0.1.v20211116-1657\jre\bin;C:\windows\SYSTEM32;C:\windows\WinSxS\amd64_microsoft.windows.common-controls_6595b64144ccf1df_6.0.7601.18837_none_fa3b1e3d17594757;C:\Users\syam\.p2\pool\plugins\org.eclipse.justj.openjdk.hotspot.jre.full.win32.x86_64_17.0.1.v20211116-1657\jre\bin\server;C:\Program Files\Common Files\Microsoft Shared\Windows Live

VM Arguments:
jvm_args: -ea -Dfile.encoding=Cp1252 -XX:+ShowCodeDetailsInExceptionMessages 
java_command: org.testng.remote.RemoteTestNG -serport 57723 -protocol json -d C:\Users\syam\maventest\RestAPISample\test-output C:\Users\syam\AppData\Local\Temp\testng-eclipse--389216350\testng-customsuite.xml
java_class_path (initial): C:\Users\syam\eclipse\java-2021-09\eclipse\configuration\org.eclipse.osgi\444\0\.cp\lib\testng-remote.jar;C:\Users\syam\maventest\RestAPISample\target\test-classes;C:\Users\syam\maventest\RestAPISample\target\classes;C:\Users\syam\.m2\repository\io\rest-assured\rest-assured\4.3.3\rest-assured-4.3.3.jar;C:\Users\syam\.m2\repository\org\codehaus\groovy\groovy\3.0.7\groovy-3.0.7.jar;C:\Users\syam\.m2\repository\org\codehaus\groovy\groovy-xml\3.0.7\groovy-xml-3.0.7.jar;C:\Users\syam\.m2\repository\org\apache\httpcomponents\httpclient\4.5.3\httpclient-4.5.3.jar;C:\Users\syam\.m2\repository\commons-logging\commons-logging\1.2\commons-logging-1.2.jar;C:\Users\syam\.m2\repository\commons-codec\commons-codec\1.9\commons-codec-1.9.jar;C:\Users\syam\.m2\repository\org\apache\httpcomponents\httpmime\4.5.3\httpmime-4.5.3.jar;C:\Users\syam\.m2\repository\org\hamcrest\hamcrest\2.1\hamcrest-2.1.jar;C:\Users\syam\.m2\repository\org\ccil\cowan\tagsoup\tagsoup\1.2.1\tagsoup-1.2.1.jar;C:\Users\syam\.m2\repository\io\rest-assured\json-path\4.3.3\json-path-4.3.3.jar;C:\Users\syam\.m2\repository\org\codehaus\groovy\groovy-json\3.0.7\groovy-json-3.0.7.jar;C:\Users\syam\.m2\repository\io\rest-assured\rest-assured-common\4.3.3\rest-assured-common-4.3.3.jar;C:\Users\syam\.m2\repository\io\rest-assured\xml-path\4.3.3\xml-path-4.3.3.jar;C:\Users\syam\.m2\repository\org\apache\commons\commons-lang3\3.11\commons-lang3-3.11.jar;C:\Users\syam\.m2\repository\jakarta\xml\bind\jakarta.xml.bind-api\2.3.3\jakarta.xml.bind-api-2.3.3.jar;C:\Users\syam\.m2\repository\jakarta\activation\jakarta.activation-api\1.2.2\jakarta.activation-api-1.2.2.jar;C:\Users\syam\.m2\repository\com\sun\xml\bind\jaxb-impl\2.3.3\jaxb-impl-2.3.3.jar;C:\Users\syam\.m2\repository\org\testng\testng\7.3.0\testng-7.3.0.jar;C:\Users\syam\.m2\repository\com\beust\jcommander\1.78\jcommander-1.78.jar;C:\Users\syam\.m2\repository\org\apache\ant\ant\1.10.3\ant-1.10.3.jar;C:\Users\syam\.m2\repository\org\apache\
Launcher Type: SUN_STANDARD

[Global flags]
     intx CICompilerCount                          = 3                                         {product} {ergonomic}
     uint ConcGCThreads                            = 1                                         {product} {ergonomic}
     uint G1ConcRefinementThreads                  = 4                                         {product} {ergonomic}
   size_t G1HeapRegionSize                         = 1048576                                   {product} {ergonomic}
    uintx GCDrainStackTargetSize                   = 64                                        {product} {ergonomic}
   size_t InitialHeapSize                          = 100663296                                 {product} {ergonomic}
   size_t MarkStackSize                            = 4194304                                   {product} {ergonomic}
   size_t MaxHeapSize                              = 1587544064                                {product} {ergonomic}
   size_t MaxNewSize                               = 952107008                                 {product} {ergonomic}
   size_t MinHeapDeltaBytes                        = 1048576                                   {product} {ergonomic}
   size_t MinHeapSize                              = 8388608                                   {product} {ergonomic}
    uintx NonNMethodCodeHeapSize                   = 5832780                                {pd product} {ergonomic}
    uintx NonProfiledCodeHeapSize                  = 122912730                              {pd product} {ergonomic}
    uintx ProfiledCodeHeapSize                     = 122912730                              {pd product} {ergonomic}
    uintx ReservedCodeCacheSize                    = 251658240                              {pd product} {ergonomic}
     bool SegmentedCodeCache                       = true                                      {product} {ergonomic}
     bool ShowCodeDetailsInExceptionMessages       = true                                   {manageable} {command line}
   size_t SoftMaxHeapSize                          = 1587544064                             {manageable} {ergonomic}
     bool UseCompressedClassPointers               = true                           {product lp64_product} {ergonomic}
     bool UseCompressedOops                        = true                           {product lp64_product} {ergonomic}
     bool UseG1GC                                  = true                                      {product} {ergonomic}
     bool UseLargePagesIndividualAllocation        = false                                  {pd product} {ergonomic}

Logging:
Log output configuration:
 #0: stdout all=warning uptime,level,tags
 #1: stderr all=off uptime,level,tags

Environment Variables:
JAVA_HOME=C:\Program Files\Java\jdk1.8.0_111\bin
PATH=C:/Users/syam/.p2/pool/plugins/org.eclipse.justj.openjdk.hotspot.jre.full.win32.x86_64_17.0.1.v20211116-1657/jre/bin/server;C:/Users/syam/.p2/pool/plugins/org.eclipse.justj.openjdk.hotspot.jre.full.win32.x86_64_17.0.1.v20211116-1657/jre/bin;C:\Program Files\Java\jdk1.8.0_111\bin;C:\ProgramData\Oracle\Java\javapath;C:\Program Files (x86)\Java\jdk1.7.0_65\bin;C:\Program Files\Microsoft SQL Server\130\Tools\Binn\;C:\Program Files\dotnet\;C:\Program Files\nodejs\;C:\Program Files\nodejs;C:\Users\syam\AppData\Roaming\npm;C:\Users\syam\Desktop;
USERNAME=syam
OS=Windows_NT
PROCESSOR_IDENTIFIER=Intel64 Family 6 Model 42 Stepping 7, GenuineIntel



---------------  S Y S T E M  ---------------

OS:
 Windows 7 , 64 bit Build 7601 (6.1.7601.23418)
OS uptime: 0 days 5:11 hours

CPU: total 4 (initial active 4) (2 cores per cpu, 2 threads per core) family 6 model 42 stepping 7 microcode 0x0, cx8, cmov, fxsr, ht, mmx, sse, sse2, sse3, ssse3, sse4.1, sse4.2, popcnt, tsc, tscinvbit, avx, aes, clmul, vzeroupper, clflush

Memory: 4k page, system-wide physical 6048M (1463M free)
TotalPageFile size 12095M (AvailPageFile size 3579M)
current process WorkingSet (physical memory assigned to process): 164M, peak: 166M
current process commit charge ("private bytes"): 192M, peak: 211M

vm_info: OpenJDK 64-Bit Server VM (17.0.1+12) for windows-amd64 JRE (17.0.1+12), built on Oct 20 2021 07:42:55 by "" with MS VC++ 16.7 (VS2019)

END.
