#
# A fatal error has been detected by the Java Runtime Environment:
#
#  EXCEPTION_ACCESS_VIOLATION (0xc0000005) at pc=0x000007fee404c7f0, pid=10644, tid=6596
#
# JRE version: OpenJDK Runtime Environment Temurin-17.0.1+12 (17.0.1+12) (build 17.0.1+12)
# Java VM: OpenJDK 64-Bit Server VM Temurin-17.0.1+12 (17.0.1+12, mixed mode, tiered, compressed oops, compressed class ptrs, g1 gc, windows-amd64)
# Problematic frame:
# V  [jvm.dll+0xc7f0]
#
# No core dump will be written. Minidumps are not enabled by default on client versions of Windows
#
# If you would like to submit a bug report, please visit:
#   https://github.com/adoptium/adoptium-support/issues
#

---------------  S U M M A R Y ------------

Command Line: -ea -Dfile.encoding=Cp1252 -XX:+ShowCodeDetailsInExceptionMessages org.testng.remote.RemoteTestNG -serport 57726 -protocol json -d C:\Users\syam\maventest\RestAPISample\test-output C:\Users\syam\AppData\Local\Temp\testng-eclipse-155492858\testng-customsuite.xml

Host: Intel(R) Core(TM) i5-2430M CPU @ 2.40GHz, 4 cores, 5G,  Windows 7 , 64 bit Build 7601 (6.1.7601.23418)
Time: Mon Feb  7 19:21:57 2022 India Standard Time elapsed time: 4.206436 seconds (0d 0h 0m 4s)

---------------  T H R E A D  ---------------

Current thread (0x0000000000460730):  JavaThread "main" [_thread_in_vm, id=6596, stack(0x0000000001eb0000,0x0000000001fb0000)]

Stack: [0x0000000001eb0000,0x0000000001fb0000],  sp=0x0000000001fa8558,  free space=993k
Native frames: (J=compiled Java code, j=interpreted, Vv=VM code, C=native code)
V  [jvm.dll+0xc7f0]

Java frames: (J=compiled Java code, j=interpreted, Vv=VM code)
j  jdk.internal.module.SystemModules$all.moduleDescriptors()[Ljava/lang/module/ModuleDescriptor;+14837 java.base@17.0.1
j  jdk.internal.module.SystemModuleFinders.of(Ljdk/internal/module/SystemModules;)Ljava/lang/module/ModuleFinder;+1 java.base@17.0.1
j  jdk.internal.module.SystemModuleFinders.ofSystem()Ljava/lang/module/ModuleFinder;+59 java.base@17.0.1
j  java.lang.module.ModuleFinder.ofSystem()Ljava/lang/module/ModuleFinder;+35 java.base@17.0.1
j  org.codehaus.groovy.vmplugin.v9.Java9.findConcealedAndExportedPackagesToOpen()Lgroovy/lang/Tuple2;+0
j  org.codehaus.groovy.vmplugin.v9.Java9.<clinit>()V+11
v  ~StubRoutines::call_stub
j  jdk.internal.reflect.NativeConstructorAccessorImpl.newInstance0(Ljava/lang/reflect/Constructor;[Ljava/lang/Object;)Ljava/lang/Object;+0 java.base@17.0.1
j  jdk.internal.reflect.NativeConstructorAccessorImpl.newInstance([Ljava/lang/Object;)Ljava/lang/Object;+118 java.base@17.0.1
j  jdk.internal.reflect.DelegatingConstructorAccessorImpl.newInstance([Ljava/lang/Object;)Ljava/lang/Object;+5 java.base@17.0.1
j  java.lang.reflect.Constructor.newInstanceWithCaller([Ljava/lang/Object;ZLjava/lang/Class;)Ljava/lang/Object;+65 java.base@17.0.1
j  java.lang.reflect.Constructor.newInstance([Ljava/lang/Object;)Ljava/lang/Object;+30 java.base@17.0.1
j  org.codehaus.groovy.vmplugin.VMPluginFactory.lambda$createPlugin$0(Ljava/lang/String;Ljava/lang/String;)Lorg/codehaus/groovy/vmplugin/VMPlugin;+28
j  org.codehaus.groovy.vmplugin.VMPluginFactory$$Lambda$111+0x000000001b9943f8.run()Ljava/lang/Object;+8
J 829 c1 java.security.AccessController.doPrivileged(Ljava/security/PrivilegedAction;)Ljava/lang/Object; java.base@17.0.1 (9 bytes) @ 0x000000000619713c [0x0000000006196fe0+0x000000000000015c]
j  org.codehaus.groovy.vmplugin.VMPluginFactory.createPlugin(Ljava/lang/String;Ljava/lang/String;)Lorg/codehaus/groovy/vmplugin/VMPlugin;+7
j  org.codehaus.groovy.vmplugin.VMPluginFactory.<clinit>()V+15
v  ~StubRoutines::call_stub
j  org.codehaus.groovy.reflection.ReflectionUtils.<clinit>()V+0
v  ~StubRoutines::call_stub
j  org.codehaus.groovy.reflection.CachedClass$3.lambda$initValue$1(Ljava/lang/reflect/Method;)Z+3
j  org.codehaus.groovy.reflection.CachedClass$3$$Lambda$104+0x000000001b98f5e0.test(Ljava/lang/Object;)Z+4
j  java.util.stream.ReferencePipeline$2$1.accept(Ljava/lang/Object;)V+8 java.base@17.0.1
j  java.util.stream.ReferencePipeline$2$1.accept(Ljava/lang/Object;)V+21 java.base@17.0.1
j  java.util.Spliterators$ArraySpliterator.forEachRemaining(Ljava/util/function/Consumer;)V+53 java.base@17.0.1
j  java.util.stream.AbstractPipeline.copyInto(Ljava/util/stream/Sink;Ljava/util/Spliterator;)V+32 java.base@17.0.1
j  java.util.stream.AbstractPipeline.wrapAndCopyInto(Ljava/util/stream/Sink;Ljava/util/Spliterator;)Ljava/util/stream/Sink;+13 java.base@17.0.1
j  java.util.stream.AbstractPipeline.evaluate(Ljava/util/Spliterator;ZLjava/util/function/IntFunction;)Ljava/util/stream/Node;+32 java.base@17.0.1
j  java.util.stream.AbstractPipeline.evaluateToArrayNode(Ljava/util/function/IntFunction;)Ljava/util/stream/Node;+74 java.base@17.0.1
j  java.util.stream.ReferencePipeline.toArray(Ljava/util/function/IntFunction;)[Ljava/lang/Object;+4 java.base@17.0.1
j  org.codehaus.groovy.reflection.CachedClass$3.lambda$initValue$4()[Lorg/codehaus/groovy/reflection/CachedMethod;+49
j  org.codehaus.groovy.reflection.CachedClass$3$$Lambda$102+0x000000001b98d420.run()Ljava/lang/Object;+4
J 829 c1 java.security.AccessController.doPrivileged(Ljava/security/PrivilegedAction;)Ljava/lang/Object; java.base@17.0.1 (9 bytes) @ 0x000000000619713c [0x0000000006196fe0+0x000000000000015c]
j  org.codehaus.groovy.reflection.CachedClass$3.initValue()[Lorg/codehaus/groovy/reflection/CachedMethod;+8
j  org.codehaus.groovy.reflection.CachedClass$3.initValue()Ljava/lang/Object;+1
j  org.codehaus.groovy.util.LazyReference.getLocked(Z)Ljava/lang/Object;+32
j  org.codehaus.groovy.util.LazyReference.get()Ljava/lang/Object;+14
j  org.codehaus.groovy.reflection.CachedClass.getMethods()[Lorg/codehaus/groovy/reflection/CachedMethod;+4
j  org.codehaus.groovy.reflection.stdclasses.CachedClosureClass.<init>(Ljava/lang/Class;Lorg/codehaus/groovy/reflection/ClassInfo;)V+7
j  org.codehaus.groovy.reflection.ClassInfo.createCachedClass(Ljava/lang/Class;Lorg/codehaus/groovy/reflection/ClassInfo;)Lorg/codehaus/groovy/reflection/CachedClass;+475
j  org.codehaus.groovy.reflection.ClassInfo.access$300(Ljava/lang/Class;Lorg/codehaus/groovy/reflection/ClassInfo;)Lorg/codehaus/groovy/reflection/CachedClass;+2
j  org.codehaus.groovy.reflection.ClassInfo$LazyCachedClassRef.initValue()Lorg/codehaus/groovy/reflection/CachedClass;+17
j  org.codehaus.groovy.reflection.ClassInfo$LazyCachedClassRef.initValue()Ljava/lang/Object;+1
j  org.codehaus.groovy.util.LazyReference.getLocked(Z)Ljava/lang/Object;+32
j  org.codehaus.groovy.util.LazyReference.get()Ljava/lang/Object;+14
j  org.codehaus.groovy.reflection.ClassInfo.getCachedClass()Lorg/codehaus/groovy/reflection/CachedClass;+4
j  org.codehaus.groovy.reflection.ReflectionCache.getCachedClass(Ljava/lang/Class;)Lorg/codehaus/groovy/reflection/CachedClass;+10
j  org.codehaus.groovy.runtime.metaclass.MetaClassRegistryImpl.registerMethods(Ljava/lang/Class;ZZLjava/util/Map;)V+94
j  org.codehaus.groovy.runtime.metaclass.MetaClassRegistryImpl.<init>(IZ)V+106
j  org.codehaus.groovy.runtime.metaclass.MetaClassRegistryImpl.<init>()V+3
j  groovy.lang.GroovySystem.<clinit>()V+8
v  ~StubRoutines::call_stub
j  org.codehaus.groovy.reflection.ClassInfo.isValidWeakMetaClass(Lgroovy/lang/MetaClass;)Z+1
j  org.codehaus.groovy.reflection.ClassInfo.getMetaClassForClass()Lgroovy/lang/MetaClass;+17
j  org.codehaus.groovy.reflection.ClassInfo.getMetaClass()Lgroovy/lang/MetaClass;+1
j  io.restassured.authentication.NoAuthScheme.$getStaticMetaClass()Lgroovy/lang/MetaClass;+35
j  io.restassured.authentication.NoAuthScheme.<init>()V+9
j  io.restassured.RestAssured.<clinit>()V+14
v  ~StubRoutines::call_stub
j  testScripts.toolsQATest.authorizeUser()V+2
v  ~StubRoutines::call_stub
j  jdk.internal.reflect.NativeMethodAccessorImpl.invoke0(Ljava/lang/reflect/Method;Ljava/lang/Object;[Ljava/lang/Object;)Ljava/lang/Object;+0 java.base@17.0.1
j  jdk.internal.reflect.NativeMethodAccessorImpl.invoke(Ljava/lang/Object;[Ljava/lang/Object;)Ljava/lang/Object;+133 java.base@17.0.1
j  jdk.internal.reflect.DelegatingMethodAccessorImpl.invoke(Ljava/lang/Object;[Ljava/lang/Object;)Ljava/lang/Object;+6 java.base@17.0.1
j  java.lang.reflect.Method.invoke(Ljava/lang/Object;[Ljava/lang/Object;)Ljava/lang/Object;+59 java.base@17.0.1
j  org.testng.internal.MethodInvocationHelper.invokeMethod(Ljava/lang/reflect/Method;Ljava/lang/Object;[Ljava/lang/Object;)Ljava/lang/Object;+258
j  org.testng.internal.TestInvoker.invokeMethod(Lorg/testng/internal/TestMethodArguments;Lorg/testng/xml/XmlSuite;Lorg/testng/internal/ITestInvoker$FailureContext;)Lorg/testng/ITestResult;+705
j  org.testng.internal.TestInvoker.invokeTestMethod(Lorg/testng/internal/TestMethodArguments;Lorg/testng/xml/XmlSuite;Lorg/testng/internal/ITestInvoker$FailureContext;)Lorg/testng/ITestResult;+16
j  org.testng.internal.MethodRunner.runInSequence(Lorg/testng/internal/TestMethodArguments;Lorg/testng/internal/ITestInvoker;Lorg/testng/ITestContext;Ljava/util/concurrent/atomic/AtomicInteger;Lorg/testng/internal/ITestInvoker$FailureContext;Ljava/util/Iterator;Z)Ljava/util/List;+127
j  org.testng.internal.TestInvoker$MethodInvocationAgent.invoke(I)I+313
j  org.testng.internal.TestInvoker.invokeTestMethods(Lorg/testng/ITestNGMethod;Lorg/testng/internal/ConfigurationGroupMethods;Ljava/lang/Object;Lorg/testng/ITestContext;)Ljava/util/List;+404
j  org.testng.internal.TestMethodWorker.invokeTestMethods(Lorg/testng/ITestNGMethod;Ljava/lang/Object;)V+14
j  org.testng.internal.TestMethodWorker.run()V+127
j  org.testng.TestRunner$$Lambda$87+0x000000001b974fe8.accept(Ljava/lang/Object;)V+7
j  java.util.ArrayList.forEach(Ljava/util/function/Consumer;)V+46 java.base@17.0.1
j  org.testng.TestRunner.privateRun(Lorg/testng/xml/XmlTest;)V+356
j  org.testng.TestRunner.run()V+25
j  org.testng.SuiteRunner.runTest(Lorg/testng/TestRunner;)V+21
j  org.testng.SuiteRunner.runSequentially()V+31
j  org.testng.SuiteRunner.privateRun()V+296
j  org.testng.SuiteRunner.run()V+6
j  org.testng.SuiteRunnerWorker.runSuite(Lorg/testng/internal/SuiteRunnerMap;Lorg/testng/xml/XmlSuite;)V+87
j  org.testng.SuiteRunnerWorker.run()V+12
j  org.testng.TestNG.runSuitesSequentially(Lorg/testng/xml/XmlSuite;Lorg/testng/internal/SuiteRunnerMap;ILjava/lang/String;)V+66
j  org.testng.TestNG.runSuitesLocally()Ljava/util/List;+156
j  org.testng.TestNG.runSuites()Ljava/util/List;+1
j  org.testng.TestNG.run()V+25
j  org.testng.remote.AbstractRemoteTestNG.run()V+149
j  org.testng.remote.RemoteTestNG.initAndRun(Lorg/testng/remote/IRemoteTestNG;[Ljava/lang/String;Lorg/testng/CommandLineArgs;Lorg/testng/remote/RemoteArgs;)V+184
j  org.testng.remote.RemoteTestNG.main([Ljava/lang/String;)V+201
v  ~StubRoutines::call_stub

siginfo: EXCEPTION_ACCESS_VIOLATION (0xc0000005), reading address 0xffffffffffffffff


Register to memory mapping:

RIP=0x000007fee404c7f0 jvm.dll
RAX=0x000000005db9c838 points into unknown readable memory: 0x000000005d62f618 | 18 f6 62 5d 00 00 00 00
RBX=0x000000005db9c870 points into unknown readable memory: 0x0000000000000000 | 00 00 00 00 00 00 00 00
RCX=0x002000005d62f628 is an unknown value
RDX=0x000000000000cdf3 is an unknown value
RSP=0x0000000001fa8558 is pointing into the stack for thread: 0x0000000000460730
RBP=0x0 is NULL
RSI=0x0000000000000001 is an unknown value
RDI=0x0000000000460700 points into unknown readable memory: 0x006f004c005c0061 | 61 00 5c 00 4c 00 6f 00
R8 =0x0000000039c0cdf3 is an unknown value
R9 =0x0000000001fa8628 is pointing into the stack for thread: 0x0000000000460730
R10=0x0 is NULL
R11=0x0000000000460c2c points into unknown readable memory: 70 00 6f 00
R12=0x0000000001fa8628 is pointing into the stack for thread: 0x0000000000460730
R13=0x0 is NULL
R14=0x0000000001fa85e0 is pointing into the stack for thread: 0x0000000000460730
R15=0x000000001b03e700 points into unknown readable memory: 0x0000000000000000 | 00 00 00 00 00 00 00 00


Registers:
RAX=0x000000005db9c838, RBX=0x000000005db9c870, RCX=0x002000005d62f628, RDX=0x000000000000cdf3
RSP=0x0000000001fa8558, RBP=0x0000000000000000, RSI=0x0000000000000001, RDI=0x0000000000460700
R8 =0x0000000039c0cdf3, R9 =0x0000000001fa8628, R10=0x0000000000000000, R11=0x0000000000460c2c
R12=0x0000000001fa8628, R13=0x0000000000000000, R14=0x0000000001fa85e0, R15=0x000000001b03e700
RIP=0x000007fee404c7f0, EFLAGS=0x0000000000010202

Top of Stack: (sp=0x0000000001fa8558)
0x0000000001fa8558:   000007fee479d12d 0000000000000000
0x0000000001fa8568:   000007fee479d169 000000005cd0b4e0
0x0000000001fa8578:   000000005dcbc0f0 0000000000460730
0x0000000001fa8588:   00000000000003d8 0000000000460c10
0x0000000001fa8598:   0000000000460fe8 000000000000000e
0x0000000001fa85a8:   000007fee479e527 000000001b03e700
0x0000000001fa85b8:   0000000000460730 0000000000460730
0x0000000001fa85c8:   000000005d775180 000000005d7751a0
0x0000000001fa85d8:   0000000000000000 0000000000460730
0x0000000001fa85e8:   0000000039c0cdf3 000000000000000e
0x0000000001fa85f8:   0000000000460c10 0000000000000000
0x0000000001fa8608:   0000000000000011 000000000000000e
0x0000000001fa8618:   000007fee479f1df 0000000000000000
0x0000000001fa8628:   000007fee47dbe71 0000000039c0cdf3
0x0000000001fa8638:   0000000000460c10 0000000000460730
0x0000000001fa8648:   0000000000460c10 00000000000007d9 

Instructions: (pc=0x000007fee404c7f0)
0x000007fee404c6f0:   00 00 00 48 8b 41 38 48 8b 80 88 09 00 00 48 8b
0x000007fee404c700:   48 08 48 8b 40 50 48 d3 ea 80 3c 02 01 0f 85 cd
0x000007fee404c710:   00 00 00 48 8b 13 0f b6 c2 24 03 3c 03 75 19 48
0x000007fee404c720:   83 e2 fc 74 13 48 3b da 74 11 48 8b c2 48 8b 5c
0x000007fee404c730:   24 38 48 83 c4 20 5e c3 48 8b d3 48 8b 46 38 0f
0x000007fee404c740:   be 88 f0 02 00 00 c1 e9 02 f6 c1 01 74 dc 48 89
0x000007fee404c750:   7c 24 30 e8 28 e5 ff ff 48 8b 0d 79 2f b9 00 48
0x000007fee404c760:   8b f8 48 81 c1 90 09 00 00 8b 41 40 0f b6 57 21
0x000007fee404c770:   8d 42 01 88 47 21 84 d2 75 0a 48 8b d7 e8 7e 6e
0x000007fee404c780:   6f 00 eb 20 80 7f 22 00 75 1a 8b 41 40 85 05 21
0x000007fee404c790:   9a 9a 00 74 0f b8 ff ff ff ff f0 0f c1 41 40 e8
0x000007fee404c7a0:   ac 6e 6f 00 48 8b 4e 38 4c 8b c7 48 8b d3 e8 dd
0x000007fee404c7b0:   f7 ff ff 0f b6 4f 21 48 8b d8 48 8b 15 17 2f b9
0x000007fee404c7c0:   00 8d 41 ff 88 47 21 80 f9 01 77 0f 48 8d 8a 90
0x000007fee404c7d0:   09 00 00 48 8b d7 e8 55 6e 6f 00 48 8b 7c 24 30
0x000007fee404c7e0:   48 8b c3 48 8b 5c 24 38 48 83 c4 20 5e c3 cc cc
0x000007fee404c7f0:   48 8b 01 c3 cc cc cc cc cc cc cc cc cc cc cc cc
0x000007fee404c800:   4c 8b 01 4c 8b c9 48 8b 0d 03 c1 b4 00 ba 44 60
0x000007fee404c810:   08 00 e9 59 f2 ff ff cc cc cc cc cc cc cc cc cc
0x000007fee404c820:   48 89 5c 24 08 57 48 83 ec 20 48 8b 39 48 8b d9
0x000007fee404c830:   48 85 3d 01 9e b9 00 75 0e 48 8b c7 48 8b 5c 24
0x000007fee404c840:   30 48 83 c4 20 5f c3 48 8b cf e8 c1 2c 85 00 48
0x000007fee404c850:   8b d0 48 85 c0 74 20 48 8b c7 f0 48 0f b1 13 74
0x000007fee404c860:   16 48 85 05 d0 9d b9 00 74 0d 48 8b c8 f0 48 0f
0x000007fee404c870:   b1 13 48 3b c1 75 ea 48 8b 5c 24 30 48 8b c2 48
0x000007fee404c880:   83 c4 20 5f c3 cc cc cc cc cc cc cc cc cc cc cc
0x000007fee404c890:   4c 8b 01 4c 8b c9 48 8b 0d 73 c0 b4 00 ba 64 60
0x000007fee404c8a0:   08 00 e9 c9 f1 ff ff cc cc cc cc cc cc cc cc cc
0x000007fee404c8b0:   8b 05 32 0a af 00 c3 cc cc cc cc cc cc cc cc cc
0x000007fee404c8c0:   0f b6 05 98 c8 b5 00 48 8b d1 84 c0 74 16 44 8b
0x000007fee404c8d0:   41 08 8b 0d 10 0a af 00 49 d3 e0 4c 03 05 fe 09
0x000007fee404c8e0:   af 00 eb 04 4c 8b 41 08 45 8b 50 08 45 85 d2 7e 


Stack slot to memory mapping:
stack at sp + 0 slots: 0x000007fee479d12d jvm.dll
stack at sp + 1 slots: 0x0 is NULL
stack at sp + 2 slots: 0x000007fee479d169 jvm.dll
stack at sp + 3 slots: 0x000000005cd0b4e0 points into unknown readable memory: 0x0000000000000000 | 00 00 00 00 00 00 00 00
stack at sp + 4 slots: 0x000000005dcbc0f0 points into unknown readable memory: 0x00000000a6b74a10 | 10 4a b7 a6 00 00 00 00
stack at sp + 5 slots: 0x0000000000460730 is a thread
stack at sp + 6 slots: 0x00000000000003d8 is an unknown value
stack at sp + 7 slots: 0x0000000000460c10 points into unknown readable memory: 0x002e006b0064006a | 6a 00 64 00 6b 00 2e 00


---------------  P R O C E S S  ---------------

Threads class SMR info:
_java_thread_list=0x000000005dc2e280, length=13, elements={
0x0000000000460730, 0x000000001b596040, 0x000000001b597040, 0x000000001b5dace0,
0x000000001b5dded0, 0x000000001b5df350, 0x000000001b5ea3a0, 0x000000001b5ebf50,
0x000000001b5ed410, 0x000000001b5ff090, 0x000000005cd72d50, 0x000000005cd9ada0,
0x000000005d7fe0f0
}

Java Threads: ( => current thread )
=>0x0000000000460730 JavaThread "main" [_thread_in_vm, id=6596, stack(0x0000000001eb0000,0x0000000001fb0000)]
  0x000000001b596040 JavaThread "Reference Handler" daemon [_thread_blocked, id=11388, stack(0x000000001b6b0000,0x000000001b7b0000)]
  0x000000001b597040 JavaThread "Finalizer" daemon [_thread_blocked, id=10008, stack(0x000000005c140000,0x000000005c240000)]
  0x000000001b5dace0 JavaThread "Signal Dispatcher" daemon [_thread_blocked, id=10892, stack(0x000000005c320000,0x000000005c420000)]
  0x000000001b5dded0 JavaThread "Attach Listener" daemon [_thread_blocked, id=8792, stack(0x000000005c440000,0x000000005c540000)]
  0x000000001b5df350 JavaThread "Service Thread" daemon [_thread_blocked, id=6700, stack(0x000000005c5e0000,0x000000005c6e0000)]
  0x000000001b5ea3a0 JavaThread "Monitor Deflation Thread" daemon [_thread_blocked, id=11404, stack(0x000000005c840000,0x000000005c940000)]
  0x000000001b5ebf50 JavaThread "C2 CompilerThread0" daemon [_thread_blocked, id=10500, stack(0x000000005ca30000,0x000000005cb30000)]
  0x000000001b5ed410 JavaThread "C1 CompilerThread0" daemon [_thread_blocked, id=9856, stack(0x000000005cbe0000,0x000000005cce0000)]
  0x000000001b5ff090 JavaThread "Sweeper thread" daemon [_thread_blocked, id=6584, stack(0x000000005c710000,0x000000005c810000)]
  0x000000005cd72d50 JavaThread "Notification Thread" daemon [_thread_blocked, id=8260, stack(0x000000005d110000,0x000000005d210000)]
  0x000000005cd9ada0 JavaThread "Common-Cleaner" daemon [_thread_blocked, id=8184, stack(0x000000005d350000,0x000000005d450000)]
  0x000000005d7fe0f0 JavaThread "ReaderThread" [_thread_in_native, id=4532, stack(0x000000005e270000,0x000000005e370000)]

Other Threads:
  0x000000001b56ee70 VMThread "VM Thread" [stack: 0x000000001b1f0000,0x000000001b2f0000] [id=12564]
  0x000000001b530df0 WatcherThread [stack: 0x000000005d210000,0x000000005d310000] [id=12324]
  0x000000000049d1e0 GCTaskThread "GC Thread#0" [stack: 0x0000000018780000,0x0000000018880000] [id=12208]
  0x000000005dbf6630 GCTaskThread "GC Thread#1" [stack: 0x000000005ede0000,0x000000005eee0000] [id=11444]
  0x000000005dbf6ce0 GCTaskThread "GC Thread#2" [stack: 0x000000005efb0000,0x000000005f0b0000] [id=10604]
  0x000000005dbfafc0 GCTaskThread "GC Thread#3" [stack: 0x000000005f180000,0x000000005f280000] [id=8188]
  0x00000000004a9b30 ConcurrentGCThread "G1 Main Marker" [stack: 0x0000000018890000,0x0000000018990000] [id=9108]
  0x00000000004add10 ConcurrentGCThread "G1 Conc#0" [stack: 0x0000000018a20000,0x0000000018b20000] [id=8356]
  0x000000001af8c480 ConcurrentGCThread "G1 Refine#0" [stack: 0x000000001b0c0000,0x000000001b1c0000] [id=8820]
  0x000000001af8d870 ConcurrentGCThread "G1 Service" [stack: 0x000000001b3b0000,0x000000001b4b0000] [id=10812]

Threads with active compile tasks:

VM state: not at safepoint (normal execution)

VM Mutex/Monitor currently owned by a thread: None

Heap address: 0x00000000a1600000, size: 1514 MB, Compressed Oops mode: 32-bit

CDS archive(s) not mapped
Compressed class space mapped at: 0x000000001b800000-0x000000005b800000, reserved size: 1073741824
Narrow klass base: 0x0000000000000000, Narrow klass shift: 0, Narrow klass range: 0x5b800000

GC Precious Log:
 CPUs: 4 total, 4 available
 Memory: 6048M
 Large Page Support: Disabled
 NUMA Support: Disabled
 Compressed Oops: Enabled (32-bit)
 Heap Region Size: 1M
 Heap Min Capacity: 8M
 Heap Initial Capacity: 96M
 Heap Max Capacity: 1514M
 Pre-touch: Disabled
 Parallel Workers: 4
 Concurrent Workers: 1
 Concurrent Refinement Workers: 4
 Periodic GC: Disabled

Heap:
 garbage-first heap   total 98304K, used 14291K [0x00000000a1600000, 0x0000000100000000)
  region size 1024K, 13 young (13312K), 2 survivors (2048K)
 Metaspace       used 15623K, committed 15808K, reserved 1064960K
  class space    used 1560K, committed 1664K, reserved 1048576K

Heap Regions: E=young(eden), S=young(survivor), O=old, HS=humongous(starts), HC=humongous(continues), CS=collection set, F=free, OA=open archive, CA=closed archive, TAMS=top-at-mark-start (previous, next)
|   0|0x00000000a1600000, 0x00000000a1700000, 0x00000000a1700000|100%| O|  |TAMS 0x00000000a1600000, 0x00000000a1600000| Untracked 
|   1|0x00000000a1700000, 0x00000000a17f4c00, 0x00000000a1800000| 95%| O|  |TAMS 0x00000000a1700000, 0x00000000a1700000| Untracked 
|   2|0x00000000a1800000, 0x00000000a1800000, 0x00000000a1900000|  0%| F|  |TAMS 0x00000000a1800000, 0x00000000a1800000| Untracked 
|   3|0x00000000a1900000, 0x00000000a1900000, 0x00000000a1a00000|  0%| F|  |TAMS 0x00000000a1900000, 0x00000000a1900000| Untracked 
|   4|0x00000000a1a00000, 0x00000000a1a00000, 0x00000000a1b00000|  0%| F|  |TAMS 0x00000000a1a00000, 0x00000000a1a00000| Untracked 
|   5|0x00000000a1b00000, 0x00000000a1b00000, 0x00000000a1c00000|  0%| F|  |TAMS 0x00000000a1b00000, 0x00000000a1b00000| Untracked 
|   6|0x00000000a1c00000, 0x00000000a1c00000, 0x00000000a1d00000|  0%| F|  |TAMS 0x00000000a1c00000, 0x00000000a1c00000| Untracked 
|   7|0x00000000a1d00000, 0x00000000a1d00000, 0x00000000a1e00000|  0%| F|  |TAMS 0x00000000a1d00000, 0x00000000a1d00000| Untracked 
|   8|0x00000000a1e00000, 0x00000000a1e00000, 0x00000000a1f00000|  0%| F|  |TAMS 0x00000000a1e00000, 0x00000000a1e00000| Untracked 
|   9|0x00000000a1f00000, 0x00000000a1f00000, 0x00000000a2000000|  0%| F|  |TAMS 0x00000000a1f00000, 0x00000000a1f00000| Untracked 
|  10|0x00000000a2000000, 0x00000000a2000000, 0x00000000a2100000|  0%| F|  |TAMS 0x00000000a2000000, 0x00000000a2000000| Untracked 
|  11|0x00000000a2100000, 0x00000000a2100000, 0x00000000a2200000|  0%| F|  |TAMS 0x00000000a2100000, 0x00000000a2100000| Untracked 
|  12|0x00000000a2200000, 0x00000000a2200000, 0x00000000a2300000|  0%| F|  |TAMS 0x00000000a2200000, 0x00000000a2200000| Untracked 
|  13|0x00000000a2300000, 0x00000000a2300000, 0x00000000a2400000|  0%| F|  |TAMS 0x00000000a2300000, 0x00000000a2300000| Untracked 
|  14|0x00000000a2400000, 0x00000000a2400000, 0x00000000a2500000|  0%| F|  |TAMS 0x00000000a2400000, 0x00000000a2400000| Untracked 
|  15|0x00000000a2500000, 0x00000000a2500000, 0x00000000a2600000|  0%| F|  |TAMS 0x00000000a2500000, 0x00000000a2500000| Untracked 
|  16|0x00000000a2600000, 0x00000000a2600000, 0x00000000a2700000|  0%| F|  |TAMS 0x00000000a2600000, 0x00000000a2600000| Untracked 
|  17|0x00000000a2700000, 0x00000000a2700000, 0x00000000a2800000|  0%| F|  |TAMS 0x00000000a2700000, 0x00000000a2700000| Untracked 
|  18|0x00000000a2800000, 0x00000000a2800000, 0x00000000a2900000|  0%| F|  |TAMS 0x00000000a2800000, 0x00000000a2800000| Untracked 
|  19|0x00000000a2900000, 0x00000000a2900000, 0x00000000a2a00000|  0%| F|  |TAMS 0x00000000a2900000, 0x00000000a2900000| Untracked 
|  20|0x00000000a2a00000, 0x00000000a2a00000, 0x00000000a2b00000|  0%| F|  |TAMS 0x00000000a2a00000, 0x00000000a2a00000| Untracked 
|  21|0x00000000a2b00000, 0x00000000a2b00000, 0x00000000a2c00000|  0%| F|  |TAMS 0x00000000a2b00000, 0x00000000a2b00000| Untracked 
|  22|0x00000000a2c00000, 0x00000000a2c00000, 0x00000000a2d00000|  0%| F|  |TAMS 0x00000000a2c00000, 0x00000000a2c00000| Untracked 
|  23|0x00000000a2d00000, 0x00000000a2d00000, 0x00000000a2e00000|  0%| F|  |TAMS 0x00000000a2d00000, 0x00000000a2d00000| Untracked 
|  24|0x00000000a2e00000, 0x00000000a2e00000, 0x00000000a2f00000|  0%| F|  |TAMS 0x00000000a2e00000, 0x00000000a2e00000| Untracked 
|  25|0x00000000a2f00000, 0x00000000a2f00000, 0x00000000a3000000|  0%| F|  |TAMS 0x00000000a2f00000, 0x00000000a2f00000| Untracked 
|  26|0x00000000a3000000, 0x00000000a3000000, 0x00000000a3100000|  0%| F|  |TAMS 0x00000000a3000000, 0x00000000a3000000| Untracked 
|  27|0x00000000a3100000, 0x00000000a3100000, 0x00000000a3200000|  0%| F|  |TAMS 0x00000000a3100000, 0x00000000a3100000| Untracked 
|  28|0x00000000a3200000, 0x00000000a3200000, 0x00000000a3300000|  0%| F|  |TAMS 0x00000000a3200000, 0x00000000a3200000| Untracked 
|  29|0x00000000a3300000, 0x00000000a3300000, 0x00000000a3400000|  0%| F|  |TAMS 0x00000000a3300000, 0x00000000a3300000| Untracked 
|  30|0x00000000a3400000, 0x00000000a3400000, 0x00000000a3500000|  0%| F|  |TAMS 0x00000000a3400000, 0x00000000a3400000| Untracked 
|  31|0x00000000a3500000, 0x00000000a3500000, 0x00000000a3600000|  0%| F|  |TAMS 0x00000000a3500000, 0x00000000a3500000| Untracked 
|  32|0x00000000a3600000, 0x00000000a3600000, 0x00000000a3700000|  0%| F|  |TAMS 0x00000000a3600000, 0x00000000a3600000| Untracked 
|  33|0x00000000a3700000, 0x00000000a3700000, 0x00000000a3800000|  0%| F|  |TAMS 0x00000000a3700000, 0x00000000a3700000| Untracked 
|  34|0x00000000a3800000, 0x00000000a3800000, 0x00000000a3900000|  0%| F|  |TAMS 0x00000000a3800000, 0x00000000a3800000| Untracked 
|  35|0x00000000a3900000, 0x00000000a3900000, 0x00000000a3a00000|  0%| F|  |TAMS 0x00000000a3900000, 0x00000000a3900000| Untracked 
|  36|0x00000000a3a00000, 0x00000000a3a00000, 0x00000000a3b00000|  0%| F|  |TAMS 0x00000000a3a00000, 0x00000000a3a00000| Untracked 
|  37|0x00000000a3b00000, 0x00000000a3b00000, 0x00000000a3c00000|  0%| F|  |TAMS 0x00000000a3b00000, 0x00000000a3b00000| Untracked 
|  38|0x00000000a3c00000, 0x00000000a3c00000, 0x00000000a3d00000|  0%| F|  |TAMS 0x00000000a3c00000, 0x00000000a3c00000| Untracked 
|  39|0x00000000a3d00000, 0x00000000a3d00000, 0x00000000a3e00000|  0%| F|  |TAMS 0x00000000a3d00000, 0x00000000a3d00000| Untracked 
|  40|0x00000000a3e00000, 0x00000000a3e00000, 0x00000000a3f00000|  0%| F|  |TAMS 0x00000000a3e00000, 0x00000000a3e00000| Untracked 
|  41|0x00000000a3f00000, 0x00000000a3f00000, 0x00000000a4000000|  0%| F|  |TAMS 0x00000000a3f00000, 0x00000000a3f00000| Untracked 
|  42|0x00000000a4000000, 0x00000000a4000000, 0x00000000a4100000|  0%| F|  |TAMS 0x00000000a4000000, 0x00000000a4000000| Untracked 
|  43|0x00000000a4100000, 0x00000000a4100000, 0x00000000a4200000|  0%| F|  |TAMS 0x00000000a4100000, 0x00000000a4100000| Untracked 
|  44|0x00000000a4200000, 0x00000000a4200000, 0x00000000a4300000|  0%| F|  |TAMS 0x00000000a4200000, 0x00000000a4200000| Untracked 
|  45|0x00000000a4300000, 0x00000000a4300000, 0x00000000a4400000|  0%| F|  |TAMS 0x00000000a4300000, 0x00000000a4300000| Untracked 
|  46|0x00000000a4400000, 0x00000000a4400000, 0x00000000a4500000|  0%| F|  |TAMS 0x00000000a4400000, 0x00000000a4400000| Untracked 
|  47|0x00000000a4500000, 0x00000000a4500000, 0x00000000a4600000|  0%| F|  |TAMS 0x00000000a4500000, 0x00000000a4500000| Untracked 
|  48|0x00000000a4600000, 0x00000000a4600000, 0x00000000a4700000|  0%| F|  |TAMS 0x00000000a4600000, 0x00000000a4600000| Untracked 
|  49|0x00000000a4700000, 0x00000000a4700000, 0x00000000a4800000|  0%| F|  |TAMS 0x00000000a4700000, 0x00000000a4700000| Untracked 
|  50|0x00000000a4800000, 0x00000000a4800000, 0x00000000a4900000|  0%| F|  |TAMS 0x00000000a4800000, 0x00000000a4800000| Untracked 
|  51|0x00000000a4900000, 0x00000000a4900000, 0x00000000a4a00000|  0%| F|  |TAMS 0x00000000a4900000, 0x00000000a4900000| Untracked 
|  52|0x00000000a4a00000, 0x00000000a4a00000, 0x00000000a4b00000|  0%| F|  |TAMS 0x00000000a4a00000, 0x00000000a4a00000| Untracked 
|  53|0x00000000a4b00000, 0x00000000a4b00000, 0x00000000a4c00000|  0%| F|  |TAMS 0x00000000a4b00000, 0x00000000a4b00000| Untracked 
|  54|0x00000000a4c00000, 0x00000000a4c00000, 0x00000000a4d00000|  0%| F|  |TAMS 0x00000000a4c00000, 0x00000000a4c00000| Untracked 
|  55|0x00000000a4d00000, 0x00000000a4d00000, 0x00000000a4e00000|  0%| F|  |TAMS 0x00000000a4d00000, 0x00000000a4d00000| Untracked 
|  56|0x00000000a4e00000, 0x00000000a4e00000, 0x00000000a4f00000|  0%| F|  |TAMS 0x00000000a4e00000, 0x00000000a4e00000| Untracked 
|  57|0x00000000a4f00000, 0x00000000a4f00000, 0x00000000a5000000|  0%| F|  |TAMS 0x00000000a4f00000, 0x00000000a4f00000| Untracked 
|  58|0x00000000a5000000, 0x00000000a5000000, 0x00000000a5100000|  0%| F|  |TAMS 0x00000000a5000000, 0x00000000a5000000| Untracked 
|  59|0x00000000a5100000, 0x00000000a5100000, 0x00000000a5200000|  0%| F|  |TAMS 0x00000000a5100000, 0x00000000a5100000| Untracked 
|  60|0x00000000a5200000, 0x00000000a5200000, 0x00000000a5300000|  0%| F|  |TAMS 0x00000000a5200000, 0x00000000a5200000| Untracked 
|  61|0x00000000a5300000, 0x00000000a5300000, 0x00000000a5400000|  0%| F|  |TAMS 0x00000000a5300000, 0x00000000a5300000| Untracked 
|  62|0x00000000a5400000, 0x00000000a5400000, 0x00000000a5500000|  0%| F|  |TAMS 0x00000000a5400000, 0x00000000a5400000| Untracked 
|  63|0x00000000a5500000, 0x00000000a5500000, 0x00000000a5600000|  0%| F|  |TAMS 0x00000000a5500000, 0x00000000a5500000| Untracked 
|  64|0x00000000a5600000, 0x00000000a5600000, 0x00000000a5700000|  0%| F|  |TAMS 0x00000000a5600000, 0x00000000a5600000| Untracked 
|  65|0x00000000a5700000, 0x00000000a5700000, 0x00000000a5800000|  0%| F|  |TAMS 0x00000000a5700000, 0x00000000a5700000| Untracked 
|  66|0x00000000a5800000, 0x00000000a5800000, 0x00000000a5900000|  0%| F|  |TAMS 0x00000000a5800000, 0x00000000a5800000| Untracked 
|  67|0x00000000a5900000, 0x00000000a5900000, 0x00000000a5a00000|  0%| F|  |TAMS 0x00000000a5900000, 0x00000000a5900000| Untracked 
|  68|0x00000000a5a00000, 0x00000000a5a00000, 0x00000000a5b00000|  0%| F|  |TAMS 0x00000000a5a00000, 0x00000000a5a00000| Untracked 
|  69|0x00000000a5b00000, 0x00000000a5b00000, 0x00000000a5c00000|  0%| F|  |TAMS 0x00000000a5b00000, 0x00000000a5b00000| Untracked 
|  70|0x00000000a5c00000, 0x00000000a5c00000, 0x00000000a5d00000|  0%| F|  |TAMS 0x00000000a5c00000, 0x00000000a5c00000| Untracked 
|  71|0x00000000a5d00000, 0x00000000a5d00000, 0x00000000a5e00000|  0%| F|  |TAMS 0x00000000a5d00000, 0x00000000a5d00000| Untracked 
|  72|0x00000000a5e00000, 0x00000000a5e00000, 0x00000000a5f00000|  0%| F|  |TAMS 0x00000000a5e00000, 0x00000000a5e00000| Untracked 
|  73|0x00000000a5f00000, 0x00000000a5f00000, 0x00000000a6000000|  0%| F|  |TAMS 0x00000000a5f00000, 0x00000000a5f00000| Untracked 
|  74|0x00000000a6000000, 0x00000000a6000000, 0x00000000a6100000|  0%| F|  |TAMS 0x00000000a6000000, 0x00000000a6000000| Untracked 
|  75|0x00000000a6100000, 0x00000000a6100000, 0x00000000a6200000|  0%| F|  |TAMS 0x00000000a6100000, 0x00000000a6100000| Untracked 
|  76|0x00000000a6200000, 0x00000000a6200000, 0x00000000a6300000|  0%| F|  |TAMS 0x00000000a6200000, 0x00000000a6200000| Untracked 
|  77|0x00000000a6300000, 0x00000000a6300000, 0x00000000a6400000|  0%| F|  |TAMS 0x00000000a6300000, 0x00000000a6300000| Untracked 
|  78|0x00000000a6400000, 0x00000000a6400000, 0x00000000a6500000|  0%| F|  |TAMS 0x00000000a6400000, 0x00000000a6400000| Untracked 
|  79|0x00000000a6500000, 0x00000000a6500000, 0x00000000a6600000|  0%| F|  |TAMS 0x00000000a6500000, 0x00000000a6500000| Untracked 
|  80|0x00000000a6600000, 0x00000000a6600000, 0x00000000a6700000|  0%| F|  |TAMS 0x00000000a6600000, 0x00000000a6600000| Untracked 
|  81|0x00000000a6700000, 0x00000000a6800000, 0x00000000a6800000|100%| S|CS|TAMS 0x00000000a6700000, 0x00000000a6700000| Complete 
|  82|0x00000000a6800000, 0x00000000a6900000, 0x00000000a6900000|100%| S|CS|TAMS 0x00000000a6800000, 0x00000000a6800000| Complete 
|  83|0x00000000a6900000, 0x00000000a6900000, 0x00000000a6a00000|  0%| F|  |TAMS 0x00000000a6900000, 0x00000000a6900000| Untracked 
|  84|0x00000000a6a00000, 0x00000000a6a00000, 0x00000000a6b00000|  0%| F|  |TAMS 0x00000000a6a00000, 0x00000000a6a00000| Untracked 
|  85|0x00000000a6b00000, 0x00000000a6b93418, 0x00000000a6c00000| 57%| E|  |TAMS 0x00000000a6b00000, 0x00000000a6b00000| Complete 
|  86|0x00000000a6c00000, 0x00000000a6d00000, 0x00000000a6d00000|100%| E|CS|TAMS 0x00000000a6c00000, 0x00000000a6c00000| Complete 
|  87|0x00000000a6d00000, 0x00000000a6e00000, 0x00000000a6e00000|100%| E|CS|TAMS 0x00000000a6d00000, 0x00000000a6d00000| Complete 
|  88|0x00000000a6e00000, 0x00000000a6f00000, 0x00000000a6f00000|100%| E|CS|TAMS 0x00000000a6e00000, 0x00000000a6e00000| Complete 
|  89|0x00000000a6f00000, 0x00000000a7000000, 0x00000000a7000000|100%| E|CS|TAMS 0x00000000a6f00000, 0x00000000a6f00000| Complete 
|  90|0x00000000a7000000, 0x00000000a7100000, 0x00000000a7100000|100%| E|CS|TAMS 0x00000000a7000000, 0x00000000a7000000| Complete 
|  91|0x00000000a7100000, 0x00000000a7200000, 0x00000000a7200000|100%| E|CS|TAMS 0x00000000a7100000, 0x00000000a7100000| Complete 
|  92|0x00000000a7200000, 0x00000000a7300000, 0x00000000a7300000|100%| E|CS|TAMS 0x00000000a7200000, 0x00000000a7200000| Complete 
|  93|0x00000000a7300000, 0x00000000a7400000, 0x00000000a7400000|100%| E|CS|TAMS 0x00000000a7300000, 0x00000000a7300000| Complete 
|  94|0x00000000a7400000, 0x00000000a7500000, 0x00000000a7500000|100%| E|CS|TAMS 0x00000000a7400000, 0x00000000a7400000| Complete 
|  95|0x00000000a7500000, 0x00000000a7600000, 0x00000000a7600000|100%| E|CS|TAMS 0x00000000a7500000, 0x00000000a7500000| Complete 

Card table byte_map: [0x00000000151d0000,0x00000000154d0000] _byte_map_base: 0x0000000014cc5000

Marking Bits (Prev, Next): (CMBitMap*) 0x000000000049d700, (CMBitMap*) 0x000000000049d740
 Prev Bits: [0x00000000157d0000, 0x0000000016f78000)
 Next Bits: [0x0000000016f80000, 0x0000000018728000)

Polling page: 0x0000000000100000

Metaspace:

Usage:
  Non-class:     13.73 MB used.
      Class:      1.52 MB used.
       Both:     15.26 MB used.

Virtual space:
  Non-class space:       16.00 MB reserved,      13.81 MB ( 86%) committed,  2 nodes.
      Class space:        1.00 GB reserved,       1.63 MB ( <1%) committed,  1 nodes.
             Both:        1.02 GB reserved,      15.44 MB (  1%) committed. 

Chunk freelists:
   Non-Class:  1.72 MB
       Class:  2.39 MB
        Both:  4.11 MB

MaxMetaspaceSize: unlimited
CompressedClassSpaceSize: 1.00 GB
Initial GC threshold: 21.00 MB
Current GC threshold: 21.00 MB
CDS: off
MetaspaceReclaimPolicy: balanced
 - commit_granule_bytes: 65536.
 - commit_granule_words: 8192.
 - virtual_space_node_default_size: 1048576.
 - enlarge_chunks_in_place: 1.
 - new_chunks_are_fully_committed: 0.
 - uncommit_free_chunks: 1.
 - use_allocation_guard: 0.
 - handle_deallocations: 1.


Internal statistics:

num_allocs_failed_limit: 0.
num_arena_births: 108.
num_arena_deaths: 0.
num_vsnodes_births: 3.
num_vsnodes_deaths: 0.
num_space_committed: 247.
num_space_uncommitted: 0.
num_chunks_returned_to_freelist: 0.
num_chunks_taken_from_freelist: 324.
num_chunk_merges: 0.
num_chunk_splits: 189.
num_chunks_enlarged: 125.
num_purges: 0.
num_inconsistent_stats: 0.

CodeHeap 'non-profiled nmethods': size=120000Kb used=387Kb max_used=387Kb free=119613Kb
 bounds [0x000000000d560000, 0x000000000d7d0000, 0x0000000014a90000]
CodeHeap 'profiled nmethods': size=120000Kb used=2073Kb max_used=2073Kb free=117926Kb
 bounds [0x0000000006030000, 0x00000000062a0000, 0x000000000d560000]
CodeHeap 'non-nmethods': size=5760Kb used=1162Kb max_used=1182Kb free=4597Kb
 bounds [0x0000000005a90000, 0x0000000005d00000, 0x0000000006030000]
 total_blobs=1603 nmethods=1150 adapters=366
 compilation: enabled
              stopped_count=0, restarted_count=0
 full_count=0

Compilation events (20 events):
Event: 4.132 Thread 0x000000001b5ed410 nmethod 1143 0x000000000d5bd910 code [0x000000000d5bdaa0, 0x000000000d5bdb78]
Event: 4.132 Thread 0x000000001b5ed410 1144       3       java.util.ImmutableCollections$SetN::<init> (90 bytes)
Event: 4.134 Thread 0x000000001b5ed410 nmethod 1144 0x0000000006232810 code [0x0000000006232ac0, 0x0000000006233838]
Event: 4.134 Thread 0x000000001b5ed410 1145       3       java.lang.module.ModuleDescriptor$Exports::equals (60 bytes)
Event: 4.135 Thread 0x000000001b5ed410 nmethod 1145 0x0000000006233d10 code [0x0000000006233f20, 0x0000000006234868]
Event: 4.135 Thread 0x000000001b5ed410 1146       3       java.util.Objects::hashCode (13 bytes)
Event: 4.135 Thread 0x000000001b5ed410 nmethod 1146 0x0000000006234a90 code [0x0000000006234c40, 0x0000000006234e68]
Event: 4.136 Thread 0x000000001b5ed410 1147       3       java.util.ImmutableCollections$Set12::hashCode (30 bytes)
Event: 4.136 Thread 0x000000001b5ed410 nmethod 1147 0x0000000006234f10 code [0x00000000062350c0, 0x00000000062353b8]
Event: 4.137 Thread 0x000000001b5ed410 1148       3       java.util.ImmutableCollections$Set12::<init> (20 bytes)
Event: 4.137 Thread 0x000000001b5ed410 nmethod 1148 0x0000000006235490 code [0x0000000006235660, 0x0000000006235b08]
Event: 4.138 Thread 0x000000001b5ed410 1149       3       jdk.internal.module.Builder::newExports (12 bytes)
Event: 4.138 Thread 0x000000001b5ed410 nmethod 1149 0x0000000006235c90 code [0x0000000006235e40, 0x0000000006235f88]
Event: 4.138 Thread 0x000000001b5ed410 1150       3       java.lang.module.ModuleDescriptor$1::newExports (12 bytes)
Event: 4.138 Thread 0x000000001b5ed410 nmethod 1150 0x0000000006236010 code [0x00000000062361c0, 0x00000000062364f8]
Event: 4.156 Thread 0x000000001b5ebf50 nmethod 1137 0x000000000d5bdc10 code [0x000000000d5bdea0, 0x000000000d5bf6c0]
Event: 4.156 Thread 0x000000001b5ebf50 1138       4       java.lang.StringBuilder::<init> (7 bytes)
Event: 4.159 Thread 0x000000001b5ebf50 nmethod 1138 0x000000000d5c0510 code [0x000000000d5c06a0, 0x000000000d5c0838]
Event: 4.159 Thread 0x000000001b5ebf50 1139       4       java.lang.String::checkBoundsOffCount (64 bytes)
Event: 4.160 Thread 0x000000001b5ebf50 nmethod 1139 0x000000000d5c0910 code [0x000000000d5c0a80, 0x000000000d5c0b38]

GC Heap History (2 events):
Event: 3.523 GC heap before
{Heap before GC invocations=0 (full 0):
 garbage-first heap   total 98304K, used 12288K [0x00000000a1600000, 0x0000000100000000)
  region size 1024K, 13 young (13312K), 0 survivors (0K)
 Metaspace       used 12359K, committed 12544K, reserved 1064960K
  class space    used 1181K, committed 1280K, reserved 1048576K
}
Event: 3.531 GC heap after
{Heap after GC invocations=1 (full 0):
 garbage-first heap   total 98304K, used 4051K [0x00000000a1600000, 0x0000000100000000)
  region size 1024K, 2 young (2048K), 2 survivors (2048K)
 Metaspace       used 12359K, committed 12544K, reserved 1064960K
  class space    used 1181K, committed 1280K, reserved 1048576K
}

Deoptimization events (20 events):
Event: 0.816 Thread 0x0000000000460730 DEOPT PACKING pc=0x000000000d57af54 sp=0x0000000001faed20
Event: 0.816 Thread 0x0000000000460730 DEOPT UNPACKING pc=0x0000000005ae23a3 sp=0x0000000001faeca8 mode 2
Event: 0.874 Thread 0x0000000000460730 DEOPT PACKING pc=0x000000000605cd43 sp=0x0000000001faab70
Event: 0.874 Thread 0x0000000000460730 DEOPT UNPACKING pc=0x0000000005ae2b43 sp=0x0000000001fa9fc0 mode 0
Event: 3.357 Thread 0x0000000000460730 DEOPT PACKING pc=0x00000000060577d6 sp=0x0000000001fad470
Event: 3.357 Thread 0x0000000000460730 DEOPT UNPACKING pc=0x0000000005ae2b43 sp=0x0000000001fac910 mode 0
Event: 3.361 Thread 0x0000000000460730 DEOPT PACKING pc=0x00000000060577d6 sp=0x0000000001fad470
Event: 3.361 Thread 0x0000000000460730 DEOPT UNPACKING pc=0x0000000005ae2b43 sp=0x0000000001fac910 mode 0
Event: 3.366 Thread 0x0000000000460730 DEOPT PACKING pc=0x00000000060577d6 sp=0x0000000001fad470
Event: 3.366 Thread 0x0000000000460730 DEOPT UNPACKING pc=0x0000000005ae2b43 sp=0x0000000001fac910 mode 0
Event: 3.372 Thread 0x0000000000460730 DEOPT PACKING pc=0x00000000060577d6 sp=0x0000000001fad470
Event: 3.372 Thread 0x0000000000460730 DEOPT UNPACKING pc=0x0000000005ae2b43 sp=0x0000000001fac910 mode 0
Event: 3.494 Thread 0x0000000000460730 Uncommon trap: trap_request=0xffffff45 fr.pc=0x000000000d599ce4 relative=0x0000000000000064
Event: 3.494 Thread 0x0000000000460730 Uncommon trap: reason=unstable_if action=reinterpret pc=0x000000000d599ce4 method=jdk.internal.misc.Unsafe.convEndian(ZI)I @ 4 c2
Event: 3.494 Thread 0x0000000000460730 DEOPT PACKING pc=0x000000000d599ce4 sp=0x0000000001faa670
Event: 3.494 Thread 0x0000000000460730 DEOPT UNPACKING pc=0x0000000005ae23a3 sp=0x0000000001faa5a0 mode 2
Event: 3.544 Thread 0x0000000000460730 DEOPT PACKING pc=0x0000000006051e7e sp=0x0000000001fadeb0
Event: 3.544 Thread 0x0000000000460730 DEOPT UNPACKING pc=0x0000000005ae2b43 sp=0x0000000001fad320 mode 0
Event: 3.561 Thread 0x0000000000460730 DEOPT PACKING pc=0x000000000605bdbe sp=0x0000000001faa840
Event: 3.561 Thread 0x0000000000460730 DEOPT UNPACKING pc=0x0000000005ae2b43 sp=0x0000000001fa9cb8 mode 0

Classes unloaded (0 events):
No events

Classes redefined (0 events):
No events

Internal exceptions (20 events):
Event: 0.962 Thread 0x0000000000460730 Exception <a 'java/lang/NoSuchMethodError'{0x00000000a6e6d348}: 'java.lang.Object java.lang.invoke.DirectMethodHandle$Holder.invokeStaticInit(java.lang.Object)'> (0x00000000a6e6d348) 
thrown [e:\jenkins\tmp\workspace\build\src\src\hotspot\share\interpreter\linkResolver.cpp, line 766]
Event: 1.001 Thread 0x0000000000460730 Exception <a 'java/lang/NoSuchMethodError'{0x00000000a6e88f08}: 'void java.lang.invoke.DirectMethodHandle$Holder.invokeStatic(java.lang.Object, java.lang.Object)'> (0x00000000a6e88f08) 
thrown [e:\jenkins\tmp\workspace\build\src\src\hotspot\share\interpreter\linkResolver.cpp, line 766]
Event: 1.101 Thread 0x0000000000460730 Exception <a 'java/lang/ClassNotFoundException'{0x00000000a6d779e0}: com/sun/org/apache/xerces/internal/impl/msg/spi/SAXMessagesProvider> (0x00000000a6d779e0) 
thrown [e:\jenkins\tmp\workspace\build\src\src\hotspot\share\classfile\systemDictionary.cpp, line 256]
Event: 1.187 Thread 0x0000000000460730 Exception <a 'java/lang/NoSuchMethodError'{0x00000000a6c41008}: 'java.lang.Object java.lang.invoke.DirectMethodHandle$Holder.invokeStaticInit(java.lang.Object, int, int, int, int)'> (0x00000000a6c41008) 
thrown [e:\jenkins\tmp\workspace\build\src\src\hotspot\share\interpreter\linkResolver.cpp, line 766]
Event: 3.389 Thread 0x0000000000460730 Exception <a 'java/lang/NoSuchMethodError'{0x00000000a6b4a5d0}: 'java.lang.Object java.lang.invoke.DirectMethodHandle$Holder.invokeStaticInit(java.lang.Object, java.lang.Object, int, int, int, int)'> (0x00000000a6b4a5d0) 
thrown [e:\jenkins\tmp\workspace\build\src\src\hotspot\share\interpreter\linkResolver.cpp, line 766]
Event: 3.520 Thread 0x0000000000460730 Exception <a 'java/lang/NoSuchMethodError'{0x00000000a69db720}: 'int java.lang.invoke.DirectMethodHandle$Holder.invokeVirtual(java.lang.Object, java.lang.Object)'> (0x00000000a69db720) 
thrown [e:\jenkins\tmp\workspace\build\src\src\hotspot\share\interpreter\linkResolver.cpp, line 766]
Event: 3.522 Thread 0x0000000000460730 Exception <a 'java/lang/NoSuchMethodError'{0x00000000a69e5418}: 'java.lang.Object java.lang.invoke.Invokers$Holder.invokeExact_MT(java.lang.Object, java.lang.Object, java.lang.Object, java.lang.Object, java.lang.Object, java.lang.Object)'> (0x00000000a69e5418) 
thrown [e:\jenkins\tmp\workspace\build\src\src\hotspot\share\interpreter\linkResolver.cpp, line 766]
Event: 3.564 Thread 0x0000000000460730 Exception <a 'java/lang/NoSuchMethodError'{0x00000000a757d800}: 'int java.lang.invoke.DirectMethodHandle$Holder.invokeStaticInit(java.lang.Object, java.lang.Object, java.lang.Object)'> (0x00000000a757d800) 
thrown [e:\jenkins\tmp\workspace\build\src\src\hotspot\share\interpreter\linkResolver.cpp, line 766]
Event: 3.623 Thread 0x0000000000460730 Exception <a 'java/lang/NoSuchMethodError'{0x00000000a7474728}: 'java.lang.Object java.lang.invoke.DirectMethodHandle$Holder.invokeSpecial(java.lang.Object, java.lang.Object, java.lang.Object, java.lang.Object, java.lang.Object, java.lang.Object, java.lang.Object, java.lang.Object, java.lang.Object, java.lang.Object)'> (0x00000000a7474728) 
thrown [e:\jenkins\tmp\workspace\build\src\src\hotspot\share\interpreter\linkResolver.cpp, line 766]
Event: 3.624 Thread 0x0000000000460730 Exception <a 'java/lang/NoSuchMethodError'{0x00000000a747f6c8}: 'java.lang.Object java.lang.invoke.DirectMethodHandle$Holder.newInvokeSpecial(java.lang.Object, java.lang.Object, java.lang.Object, java.lang.Object, java.lang.Object, java.lang.Object, java.lang.Object, java.lang.Object, java.lang.Object)'> (0x00000000a747f6c8) 
thrown [e:\jenkins\tmp\workspace\build\src\src\hotspot\share\interpreter\linkResolver.cpp, line 766]
Event: 3.625 Thread 0x0000000000460730 Exception <a 'java/lang/NoSuchMethodError'{0x00000000a7484c88}: 'java.lang.Object java.lang.invoke.Invokers$Holder.linkToTargetMethod(java.lang.Object, java.lang.Object, java.lang.Object, java.lang.Object, java.lang.Object, java.lang.Object, java.lang.Object, java.lang.Object, java.lang.Object)'> (0x00000000a7484c88) 
thrown [e:\jenkins\tmp\workspace\build\src\src\hotspot\share\interpreter\linkResolver.cpp, line 766]
Event: 3.650 Thread 0x0000000000460730 Exception <a 'java/lang/NoSuchMethodError'{0x00000000a74cd470}: 'java.lang.Object java.lang.invoke.DirectMethodHandle$Holder.newInvokeSpecial(java.lang.Object, java.lang.Object, java.lang.Object, java.lang.Object, java.lang.Object, java.lang.Object, java.lang.Object)'> (0x00000000a74cd470) 
thrown [e:\jenkins\tmp\workspace\build\src\src\hotspot\share\interpreter\linkResolver.cpp, line 766]
Event: 3.651 Thread 0x0000000000460730 Exception <a 'java/lang/NoSuchMethodError'{0x00000000a74d20d8}: 'java.lang.Object java.lang.invoke.Invokers$Holder.linkToTargetMethod(java.lang.Object, java.lang.Object, java.lang.Object, java.lang.Object, java.lang.Object, java.lang.Object, java.lang.Object)'> (0x00000000a74d20d8) 
thrown [e:\jenkins\tmp\workspace\build\src\src\hotspot\share\interpreter\linkResolver.cpp, line 766]
Event: 3.653 Thread 0x0000000000460730 Exception <a 'java/lang/NoSuchMethodError'{0x00000000a74dbdf8}: 'void java.lang.invoke.DirectMethodHandle$Holder.invokeStatic(java.lang.Object, java.lang.Object, java.lang.Object, java.lang.Object)'> (0x00000000a74dbdf8) 
thrown [e:\jenkins\tmp\workspace\build\src\src\hotspot\share\interpreter\linkResolver.cpp, line 766]
Event: 3.674 Thread 0x0000000000460730 Exception <a 'java/lang/NoSuchMethodError'{0x00000000a7333c00}: 'int java.lang.invoke.DirectMethodHandle$Holder.invokeSpecial(java.lang.Object, java.lang.Object, java.lang.Object)'> (0x00000000a7333c00) 
thrown [e:\jenkins\tmp\workspace\build\src\src\hotspot\share\interpreter\linkResolver.cpp, line 766]
Event: 3.788 Thread 0x0000000000460730 Exception <a 'java/lang/NoSuchMethodError'{0x00000000a726d200}: 'java.lang.Object java.lang.invoke.DirectMethodHandle$Holder.invokeInterface(java.lang.Object, java.lang.Object)'> (0x00000000a726d200) 
thrown [e:\jenkins\tmp\workspace\build\src\src\hotspot\share\interpreter\linkResolver.cpp, line 766]
Event: 3.813 Thread 0x0000000000460730 Exception <a 'java/lang/NoSuchMethodError'{0x00000000a72caf40}: 'void java.lang.invoke.DirectMethodHandle$Holder.invokeInterface(java.lang.Object, java.lang.Object)'> (0x00000000a72caf40) 
thrown [e:\jenkins\tmp\workspace\build\src\src\hotspot\share\interpreter\linkResolver.cpp, line 766]
Event: 4.036 Thread 0x0000000000460730 Exception <a 'java/lang/NoSuchMethodError'{0x00000000a6df4dd0}: 'java.lang.Object java.lang.invoke.DirectMethodHandle$Holder.invokeStatic(java.lang.Object, java.lang.Object, int)'> (0x00000000a6df4dd0) 
thrown [e:\jenkins\tmp\workspace\build\src\src\hotspot\share\interpreter\linkResolver.cpp, line 766]
Event: 4.037 Thread 0x0000000000460730 Exception <a 'java/lang/NoSuchMethodError'{0x00000000a6c00ff8}: 'void java.lang.invoke.DelegatingMethodHandle$Holder.delegate(java.lang.Object, java.lang.Object, int, java.lang.Object)'> (0x00000000a6c00ff8) 
thrown [e:\jenkins\tmp\workspace\build\src\src\hotspot\share\interpreter\linkResolver.cpp, line 766]
Event: 4.095 Thread 0x0000000000460730 Exception <a 'java/lang/NoSuchMethodError'{0x00000000a6c87ab8}: 'java.lang.Object java.lang.invoke.DirectMethodHandle$Holder.invokeStaticInit(java.lang.Object, java.lang.Object, java.lang.Object)'> (0x00000000a6c87ab8) 
thrown [e:\jenkins\tmp\workspace\build\src\src\hotspot\share\interpreter\linkResolver.cpp, line 766]

VM Operations (20 events):
Event: 0.816 Executing VM operation: HandshakeAllThreads
Event: 0.816 Executing VM operation: HandshakeAllThreads done
Event: 0.944 Executing VM operation: HandshakeAllThreads
Event: 0.944 Executing VM operation: HandshakeAllThreads done
Event: 0.974 Executing VM operation: HandshakeAllThreads
Event: 0.974 Executing VM operation: HandshakeAllThreads done
Event: 1.157 Executing VM operation: HandshakeAllThreads
Event: 1.157 Executing VM operation: HandshakeAllThreads done
Event: 1.157 Executing VM operation: Cleanup
Event: 1.157 Executing VM operation: Cleanup done
Event: 3.447 Executing VM operation: HandshakeAllThreads
Event: 3.447 Executing VM operation: HandshakeAllThreads done
Event: 3.447 Executing VM operation: Cleanup
Event: 3.447 Executing VM operation: Cleanup done
Event: 3.523 Executing VM operation: G1CollectForAllocation
Event: 3.531 Executing VM operation: G1CollectForAllocation done
Event: 3.928 Executing VM operation: HandshakeAllThreads
Event: 3.928 Executing VM operation: HandshakeAllThreads done
Event: 4.002 Executing VM operation: HandshakeAllThreads
Event: 4.002 Executing VM operation: HandshakeAllThreads done

Events (20 events):
Event: 4.089 loading class jdk/internal/logger/BootstrapLogger$LoggingBackend
Event: 4.089 loading class jdk/internal/logger/BootstrapLogger$LoggingBackend done
Event: 4.089 loading class jdk/internal/logger/BootstrapLogger$RedirectedLoggers
Event: 4.089 loading class jdk/internal/logger/BootstrapLogger$RedirectedLoggers done
Event: 4.089 loading class jdk/internal/logger/BootstrapLogger$BootstrapExecutors
Event: 4.090 loading class jdk/internal/logger/BootstrapLogger$BootstrapExecutors done
Event: 4.090 loading class java/util/logging/LogManager$4
Event: 4.090 loading class java/util/logging/LogManager$4 done
Event: 4.090 loading class java/util/logging/Logger$SystemLoggerHelper
Event: 4.091 loading class java/util/logging/Logger$SystemLoggerHelper done
Event: 4.091 loading class java/util/logging/Logger$SystemLoggerHelper$1
Event: 4.091 loading class java/util/logging/Logger$SystemLoggerHelper$1 done
Event: 4.092 loading class jdk/internal/logger/DefaultLoggerFinder$1
Event: 4.092 loading class jdk/internal/logger/DefaultLoggerFinder$1 done
Event: 4.116 loading class java/lang/reflect/MalformedParameterizedTypeException
Event: 4.116 loading class java/lang/reflect/MalformedParameterizedTypeException done
Event: 4.123 loading class java/lang/IllegalCallerException
Event: 4.123 loading class java/lang/IllegalCallerException done
Event: 4.127 loading class jdk/internal/module/SystemModules$all
Event: 4.129 loading class jdk/internal/module/SystemModules$all done


Dynamic libraries:
0x000000013f970000 - 0x000000013f97e000 	C:\Users\syam\.p2\pool\plugins\org.eclipse.justj.openjdk.hotspot.jre.full.win32.x86_64_17.0.1.v20211116-1657\jre\bin\javaw.exe
0x0000000077b00000 - 0x0000000077caa000 	C:\windows\SYSTEM32\ntdll.dll
0x00000000779e0000 - 0x0000000077aff000 	C:\windows\system32\kernel32.dll
0x000007fefda30000 - 0x000007fefda9a000 	C:\windows\system32\KERNELBASE.dll
0x000007fef46f0000 - 0x000007fef4708000 	C:\Users\syam\.p2\pool\plugins\org.eclipse.justj.openjdk.hotspot.jre.full.win32.x86_64_17.0.1.v20211116-1657\jre\bin\jli.dll
0x000007fefc0c0000 - 0x000007fefc2b4000 	C:\windows\WinSxS\amd64_microsoft.windows.common-controls_6595b64144ccf1df_6.0.7601.18837_none_fa3b1e3d17594757\COMCTL32.dll
0x000007feffd40000 - 0x000007feffddf000 	C:\windows\system32\msvcrt.dll
0x000007fefdf00000 - 0x000007fefdf67000 	C:\windows\system32\GDI32.dll
0x00000000778e0000 - 0x00000000779da000 	C:\windows\system32\USER32.dll
0x000007feffce0000 - 0x000007feffcee000 	C:\windows\system32\LPK.dll
0x000007feffc10000 - 0x000007feffcda000 	C:\windows\system32\USP10.dll
0x000007fefe030000 - 0x000007fefe0a1000 	C:\windows\system32\SHLWAPI.dll
0x000007fef4710000 - 0x000007fef4729000 	C:\Users\syam\.p2\pool\plugins\org.eclipse.justj.openjdk.hotspot.jre.full.win32.x86_64_17.0.1.v20211116-1657\jre\bin\VCRUNTIME140.dll
0x000007fef46d0000 - 0x000007fef46d4000 	C:\Users\syam\.p2\pool\plugins\org.eclipse.justj.openjdk.hotspot.jre.full.win32.x86_64_17.0.1.v20211116-1657\jre\bin\api-ms-win-crt-runtime-l1-1-0.dll
0x000007fecfaa0000 - 0x000007fecfb9a000 	C:\Users\syam\.p2\pool\plugins\org.eclipse.justj.openjdk.hotspot.jre.full.win32.x86_64_17.0.1.v20211116-1657\jre\bin\ucrtbase.DLL
0x000007fef46e0000 - 0x000007fef46e3000 	C:\Users\syam\.p2\pool\plugins\org.eclipse.justj.openjdk.hotspot.jre.full.win32.x86_64_17.0.1.v20211116-1657\jre\bin\api-ms-win-core-localization-l1-2-0.dll
0x000007fef4690000 - 0x000007fef4693000 	C:\Users\syam\.p2\pool\plugins\org.eclipse.justj.openjdk.hotspot.jre.full.win32.x86_64_17.0.1.v20211116-1657\jre\bin\api-ms-win-core-processthreads-l1-1-1.dll
0x000007fef46a0000 - 0x000007fef46a3000 	C:\Users\syam\.p2\pool\plugins\org.eclipse.justj.openjdk.hotspot.jre.full.win32.x86_64_17.0.1.v20211116-1657\jre\bin\api-ms-win-core-file-l1-2-0.dll
0x000007fef44d0000 - 0x000007fef44d3000 	C:\Users\syam\.p2\pool\plugins\org.eclipse.justj.openjdk.hotspot.jre.full.win32.x86_64_17.0.1.v20211116-1657\jre\bin\api-ms-win-core-timezone-l1-1-0.dll
0x000007fef44e0000 - 0x000007fef44e3000 	C:\Users\syam\.p2\pool\plugins\org.eclipse.justj.openjdk.hotspot.jre.full.win32.x86_64_17.0.1.v20211116-1657\jre\bin\api-ms-win-core-file-l2-1-0.dll
0x000007fef44b0000 - 0x000007fef44b3000 	C:\Users\syam\.p2\pool\plugins\org.eclipse.justj.openjdk.hotspot.jre.full.win32.x86_64_17.0.1.v20211116-1657\jre\bin\api-ms-win-core-synch-l1-2-0.dll
0x000007fef44c0000 - 0x000007fef44c3000 	C:\Users\syam\.p2\pool\plugins\org.eclipse.justj.openjdk.hotspot.jre.full.win32.x86_64_17.0.1.v20211116-1657\jre\bin\api-ms-win-crt-heap-l1-1-0.dll
0x000007fef4490000 - 0x000007fef4494000 	C:\Users\syam\.p2\pool\plugins\org.eclipse.justj.openjdk.hotspot.jre.full.win32.x86_64_17.0.1.v20211116-1657\jre\bin\api-ms-win-crt-string-l1-1-0.dll
0x000007fef44a0000 - 0x000007fef44a4000 	C:\Users\syam\.p2\pool\plugins\org.eclipse.justj.openjdk.hotspot.jre.full.win32.x86_64_17.0.1.v20211116-1657\jre\bin\api-ms-win-crt-stdio-l1-1-0.dll
0x000007fef4470000 - 0x000007fef4474000 	C:\Users\syam\.p2\pool\plugins\org.eclipse.justj.openjdk.hotspot.jre.full.win32.x86_64_17.0.1.v20211116-1657\jre\bin\api-ms-win-crt-convert-l1-1-0.dll
0x000007fef4480000 - 0x000007fef4483000 	C:\Users\syam\.p2\pool\plugins\org.eclipse.justj.openjdk.hotspot.jre.full.win32.x86_64_17.0.1.v20211116-1657\jre\bin\api-ms-win-crt-environment-l1-1-0.dll
0x000007fef4450000 - 0x000007fef4453000 	C:\Users\syam\.p2\pool\plugins\org.eclipse.justj.openjdk.hotspot.jre.full.win32.x86_64_17.0.1.v20211116-1657\jre\bin\api-ms-win-crt-filesystem-l1-1-0.dll
0x000007fef4460000 - 0x000007fef4465000 	C:\Users\syam\.p2\pool\plugins\org.eclipse.justj.openjdk.hotspot.jre.full.win32.x86_64_17.0.1.v20211116-1657\jre\bin\api-ms-win-crt-math-l1-1-0.dll
0x000007fef4430000 - 0x000007fef4433000 	C:\Users\syam\.p2\pool\plugins\org.eclipse.justj.openjdk.hotspot.jre.full.win32.x86_64_17.0.1.v20211116-1657\jre\bin\api-ms-win-crt-locale-l1-1-0.dll
0x000007feffde0000 - 0x000007feffe0e000 	C:\windows\system32\IMM32.DLL
0x000007feff810000 - 0x000007feff919000 	C:\windows\system32\MSCTF.dll
0x000007fef4440000 - 0x000007fef444c000 	C:\Users\syam\.p2\pool\plugins\org.eclipse.justj.openjdk.hotspot.jre.full.win32.x86_64_17.0.1.v20211116-1657\jre\bin\vcruntime140_1.dll
0x000007fee1c40000 - 0x000007fee1cd1000 	C:\Users\syam\.p2\pool\plugins\org.eclipse.justj.openjdk.hotspot.jre.full.win32.x86_64_17.0.1.v20211116-1657\jre\bin\msvcp140.dll
0x000007fef4410000 - 0x000007fef4413000 	C:\Users\syam\.p2\pool\plugins\org.eclipse.justj.openjdk.hotspot.jre.full.win32.x86_64_17.0.1.v20211116-1657\jre\bin\api-ms-win-crt-time-l1-1-0.dll
0x000007fef4420000 - 0x000007fef4423000 	C:\Users\syam\.p2\pool\plugins\org.eclipse.justj.openjdk.hotspot.jre.full.win32.x86_64_17.0.1.v20211116-1657\jre\bin\api-ms-win-crt-utility-l1-1-0.dll
0x000007fee4040000 - 0x000007fee4c86000 	C:\Users\syam\.p2\pool\plugins\org.eclipse.justj.openjdk.hotspot.jre.full.win32.x86_64_17.0.1.v20211116-1657\jre\bin\server\jvm.dll
0x000007fefe0b0000 - 0x000007fefe18b000 	C:\windows\system32\ADVAPI32.dll
0x000007fefdf70000 - 0x000007fefdf8f000 	C:\windows\SYSTEM32\sechost.dll
0x000007fefe870000 - 0x000007fefe99d000 	C:\windows\system32\RPCRT4.dll
0x000007feee990000 - 0x000007feee999000 	C:\windows\system32\WSOCK32.dll
0x000007feffcf0000 - 0x000007feffd3d000 	C:\windows\system32\WS2_32.dll
0x000007fefdce0000 - 0x000007fefdce8000 	C:\windows\system32\NSI.dll
0x000007fef9250000 - 0x000007fef928b000 	C:\windows\system32\WINMM.dll
0x000007fefcaf0000 - 0x000007fefcafc000 	C:\windows\system32\VERSION.dll
0x0000000077cc0000 - 0x0000000077cc7000 	C:\windows\system32\PSAPI.DLL
0x000007feed370000 - 0x000007feed37a000 	C:\Users\syam\.p2\pool\plugins\org.eclipse.justj.openjdk.hotspot.jre.full.win32.x86_64_17.0.1.v20211116-1657\jre\bin\jimage.dll
0x000007fef87a0000 - 0x000007fef88c5000 	C:\windows\system32\DBGHELP.DLL
0x000007fee37e0000 - 0x000007fee3805000 	C:\Users\syam\.p2\pool\plugins\org.eclipse.justj.openjdk.hotspot.jre.full.win32.x86_64_17.0.1.v20211116-1657\jre\bin\java.dll
0x000007fee86c0000 - 0x000007fee86d8000 	C:\Users\syam\.p2\pool\plugins\org.eclipse.justj.openjdk.hotspot.jre.full.win32.x86_64_17.0.1.v20211116-1657\jre\bin\zip.dll
0x000007fefea20000 - 0x000007feff7aa000 	C:\windows\system32\SHELL32.dll
0x000007fefdcf0000 - 0x000007fefdef3000 	C:\windows\system32\ole32.dll
0x000007fefd840000 - 0x000007fefd84f000 	C:\windows\system32\profapi.dll
0x000007fef3330000 - 0x000007fef3349000 	C:\Users\syam\.p2\pool\plugins\org.eclipse.justj.openjdk.hotspot.jre.full.win32.x86_64_17.0.1.v20211116-1657\jre\bin\net.dll
0x000007fefb2e0000 - 0x000007fefb351000 	C:\windows\system32\WINHTTP.dll
0x000007fefacf0000 - 0x000007fefad55000 	C:\windows\system32\webio.dll
0x000007fefcfe0000 - 0x000007fefd035000 	C:\windows\system32\mswsock.dll
0x000007fefcfd0000 - 0x000007fefcfd7000 	C:\windows\System32\wship6.dll
0x000007fef2ef0000 - 0x000007fef2f05000 	C:\Users\syam\.p2\pool\plugins\org.eclipse.justj.openjdk.hotspot.jre.full.win32.x86_64_17.0.1.v20211116-1657\jre\bin\nio.dll
0x000007fefc810000 - 0x000007fefc817000 	C:\windows\System32\wshtcpip.dll
0x000007fefce60000 - 0x000007fefcebb000 	C:\windows\system32\DNSAPI.dll
0x000007fef7b00000 - 0x000007fef7b2e000 	C:\Program Files\Common Files\Microsoft Shared\Windows Live\WLIDNSP.DLL
0x000007fefb5a0000 - 0x000007fefb5c7000 	C:\windows\system32\IPHLPAPI.DLL
0x000007fefb580000 - 0x000007fefb58b000 	C:\windows\system32\WINNSI.DLL
0x000007fef7af0000 - 0x000007fef7af8000 	C:\windows\system32\rasadhlp.dll
0x000007fefb430000 - 0x000007fefb483000 	C:\windows\System32\fwpuclnt.dll
0x000007fefd040000 - 0x000007fefd058000 	C:\windows\system32\CRYPTSP.dll
0x000007fefcd40000 - 0x000007fefcd87000 	C:\windows\system32\rsaenh.dll
0x000007fefdba0000 - 0x000007fefdbbe000 	C:\windows\system32\USERENV.dll
0x000007fefd6a0000 - 0x000007fefd6af000 	C:\windows\system32\CRYPTBASE.dll
0x000007fefb3c0000 - 0x000007fefb3d8000 	C:\windows\system32\dhcpcsvc.DLL
0x000007fefacc0000 - 0x000007fefacd1000 	C:\windows\system32\dhcpcsvc6.DLL
0x000007feeceb0000 - 0x000007feecec0000 	C:\Users\syam\.p2\pool\plugins\org.eclipse.justj.openjdk.hotspot.jre.full.win32.x86_64_17.0.1.v20211116-1657\jre\bin\verify.dll

dbghelp: loaded successfully - version: 4.0.5 - missing functions: none
symbol engine: initialized successfully - sym options: 0x614 - pdb path: .;C:\Users\syam\.p2\pool\plugins\org.eclipse.justj.openjdk.hotspot.jre.full.win32.x86_64_17.0.1.v20211116-1657\jre\bin;C:\windows\SYSTEM32;C:\windows\WinSxS\amd64_microsoft.windows.common-controls_6595b64144ccf1df_6.0.7601.18837_none_fa3b1e3d17594757;C:\Users\syam\.p2\pool\plugins\org.eclipse.justj.openjdk.hotspot.jre.full.win32.x86_64_17.0.1.v20211116-1657\jre\bin\server;C:\Program Files\Common Files\Microsoft Shared\Windows Live

VM Arguments:
jvm_args: -ea -Dfile.encoding=Cp1252 -XX:+ShowCodeDetailsInExceptionMessages 
java_command: org.testng.remote.RemoteTestNG -serport 57726 -protocol json -d C:\Users\syam\maventest\RestAPISample\test-output C:\Users\syam\AppData\Local\Temp\testng-eclipse-155492858\testng-customsuite.xml
java_class_path (initial): C:\Users\syam\eclipse\java-2021-09\eclipse\configuration\org.eclipse.osgi\444\0\.cp\lib\testng-remote.jar;C:\Users\syam\maventest\RestAPISample\target\test-classes;C:\Users\syam\maventest\RestAPISample\target\classes;C:\Users\syam\.m2\repository\io\rest-assured\rest-assured\4.3.3\rest-assured-4.3.3.jar;C:\Users\syam\.m2\repository\org\codehaus\groovy\groovy\3.0.7\groovy-3.0.7.jar;C:\Users\syam\.m2\repository\org\codehaus\groovy\groovy-xml\3.0.7\groovy-xml-3.0.7.jar;C:\Users\syam\.m2\repository\org\apache\httpcomponents\httpclient\4.5.3\httpclient-4.5.3.jar;C:\Users\syam\.m2\repository\commons-logging\commons-logging\1.2\commons-logging-1.2.jar;C:\Users\syam\.m2\repository\commons-codec\commons-codec\1.9\commons-codec-1.9.jar;C:\Users\syam\.m2\repository\org\apache\httpcomponents\httpmime\4.5.3\httpmime-4.5.3.jar;C:\Users\syam\.m2\repository\org\hamcrest\hamcrest\2.1\hamcrest-2.1.jar;C:\Users\syam\.m2\repository\org\ccil\cowan\tagsoup\tagsoup\1.2.1\tagsoup-1.2.1.jar;C:\Users\syam\.m2\repository\io\rest-assured\json-path\4.3.3\json-path-4.3.3.jar;C:\Users\syam\.m2\repository\org\codehaus\groovy\groovy-json\3.0.7\groovy-json-3.0.7.jar;C:\Users\syam\.m2\repository\io\rest-assured\rest-assured-common\4.3.3\rest-assured-common-4.3.3.jar;C:\Users\syam\.m2\repository\io\rest-assured\xml-path\4.3.3\xml-path-4.3.3.jar;C:\Users\syam\.m2\repository\org\apache\commons\commons-lang3\3.11\commons-lang3-3.11.jar;C:\Users\syam\.m2\repository\jakarta\xml\bind\jakarta.xml.bind-api\2.3.3\jakarta.xml.bind-api-2.3.3.jar;C:\Users\syam\.m2\repository\jakarta\activation\jakarta.activation-api\1.2.2\jakarta.activation-api-1.2.2.jar;C:\Users\syam\.m2\repository\com\sun\xml\bind\jaxb-impl\2.3.3\jaxb-impl-2.3.3.jar;C:\Users\syam\.m2\repository\org\testng\testng\7.3.0\testng-7.3.0.jar;C:\Users\syam\.m2\repository\com\beust\jcommander\1.78\jcommander-1.78.jar;C:\Users\syam\.m2\repository\org\apache\ant\ant\1.10.3\ant-1.10.3.jar;C:\Users\syam\.m2\repository\org\apache\
Launcher Type: SUN_STANDARD

[Global flags]
     intx CICompilerCount                          = 3                                         {product} {ergonomic}
     uint ConcGCThreads                            = 1                                         {product} {ergonomic}
     uint G1ConcRefinementThreads                  = 4                                         {product} {ergonomic}
   size_t G1HeapRegionSize                         = 1048576                                   {product} {ergonomic}
    uintx GCDrainStackTargetSize                   = 64                                        {product} {ergonomic}
   size_t InitialHeapSize                          = 100663296                                 {product} {ergonomic}
   size_t MarkStackSize                            = 4194304                                   {product} {ergonomic}
   size_t MaxHeapSize                              = 1587544064                                {product} {ergonomic}
   size_t MaxNewSize                               = 952107008                                 {product} {ergonomic}
   size_t MinHeapDeltaBytes                        = 1048576                                   {product} {ergonomic}
   size_t MinHeapSize                              = 8388608                                   {product} {ergonomic}
    uintx NonNMethodCodeHeapSize                   = 5832780                                {pd product} {ergonomic}
    uintx NonProfiledCodeHeapSize                  = 122912730                              {pd product} {ergonomic}
    uintx ProfiledCodeHeapSize                     = 122912730                              {pd product} {ergonomic}
    uintx ReservedCodeCacheSize                    = 251658240                              {pd product} {ergonomic}
     bool SegmentedCodeCache                       = true                                      {product} {ergonomic}
     bool ShowCodeDetailsInExceptionMessages       = true                                   {manageable} {command line}
   size_t SoftMaxHeapSize                          = 1587544064                             {manageable} {ergonomic}
     bool UseCompressedClassPointers               = true                           {product lp64_product} {ergonomic}
     bool UseCompressedOops                        = true                           {product lp64_product} {ergonomic}
     bool UseG1GC                                  = true                                      {product} {ergonomic}
     bool UseLargePagesIndividualAllocation        = false                                  {pd product} {ergonomic}

Logging:
Log output configuration:
 #0: stdout all=warning uptime,level,tags
 #1: stderr all=off uptime,level,tags

Environment Variables:
JAVA_HOME=C:\Program Files\Java\jdk1.8.0_111\bin
PATH=C:/Users/syam/.p2/pool/plugins/org.eclipse.justj.openjdk.hotspot.jre.full.win32.x86_64_17.0.1.v20211116-1657/jre/bin/server;C:/Users/syam/.p2/pool/plugins/org.eclipse.justj.openjdk.hotspot.jre.full.win32.x86_64_17.0.1.v20211116-1657/jre/bin;C:\Program Files\Java\jdk1.8.0_111\bin;C:\ProgramData\Oracle\Java\javapath;C:\Program Files (x86)\Java\jdk1.7.0_65\bin;C:\Program Files\Microsoft SQL Server\130\Tools\Binn\;C:\Program Files\dotnet\;C:\Program Files\nodejs\;C:\Program Files\nodejs;C:\Users\syam\AppData\Roaming\npm;C:\Users\syam\Desktop;
USERNAME=syam
OS=Windows_NT
PROCESSOR_IDENTIFIER=Intel64 Family 6 Model 42 Stepping 7, GenuineIntel



---------------  S Y S T E M  ---------------

OS:
 Windows 7 , 64 bit Build 7601 (6.1.7601.23418)
OS uptime: 0 days 5:12 hours

CPU: total 4 (initial active 4) (2 cores per cpu, 2 threads per core) family 6 model 42 stepping 7 microcode 0x0, cx8, cmov, fxsr, ht, mmx, sse, sse2, sse3, ssse3, sse4.1, sse4.2, popcnt, tsc, tscinvbit, avx, aes, clmul, vzeroupper, clflush

Memory: 4k page, system-wide physical 6048M (1549M free)
TotalPageFile size 12095M (AvailPageFile size 3580M)
current process WorkingSet (physical memory assigned to process): 77M, peak: 77M
current process commit charge ("private bytes"): 191M, peak: 191M

vm_info: OpenJDK 64-Bit Server VM (17.0.1+12) for windows-amd64 JRE (17.0.1+12), built on Oct 20 2021 07:42:55 by "" with MS VC++ 16.7 (VS2019)

END.
